Waf: Entering directory `/home/mywang/conweave-ns3/build'
Waf: Leaving directory `/home/mywang/conweave-ns3/build'
'build' finished successfully (0.495s)
TOPOLOGY_FILE			config/leaf_spine_128_100G_OS2.txt
FLOW_FILE			config/random_flow_ring.txt
FLOW_INPUT_FILE			mix/output/493415276/493415276_in.txt
CNP_OUTPUT_FILE			mix/output/493415276/493415276_out_cnp.txt
LETFLOW_OUTPUT_FILE			mix/output/493415276/493415276_out_letflow.txt
REUNION_OUTPUT_FILE			mix/output/493415276/493415276_out_reunion.txt
FCT_OUTPUT_FILE		mix/output/493415276/493415276_out_fct.txt
PFC_OUTPUT_FILE				mix/output/493415276/493415276_out_pfc.txt
QLEN_MON_FILE				mix/output/493415276/493415276_out_qlen.txt
VOQ_MON_FILE				mix/output/493415276/493415276_out_voq.txt
VOQ_MON_DETAIL_FILE				mix/output/493415276/493415276_out_voq_per_dst.txt
UPLINK_MON_FILE				mix/output/493415276/493415276_out_uplink.txt
CONN_MON_FILE				mix/output/493415276/493415276_out_conn.txt
EST_ERROR_MON_FILE			mix/output/493415276/493415276_out_est_error.txt
QLEN_MON_START				2
QLEN_MON_END				2
SW_MONITORING_INTERVAL			10000
FLOWGEN_START_TIME		2
FLOWGEN_STOP_TIME		2.2
BUFFER_SIZE				9
CC_MODE		1
LB_MODE			6
ENABLE_PFC			Yes
ENABLE_IRN		0
CONWEAVE_TX_EXPIRY_TIME			+1000000.0ns
CONWEAVE_REPLY_TIMEOUT_EXTRA			+4000.0ns
CONWEAVE_PATH_PAUSE_TIME			+16000.0ns
CONWEAVE_EXTRA_VOQ_FLUSH_TIME			+64000.0ns
CONWEAVE_DEFAULT_VOQ_WAITING_TIME			+400000.0ns
ALPHA_RESUME_INTERVAL		1
RATE_DECREASE_INTERVAL		4
CLAMP_TARGET_RATE		No
RP_TIMER			300
FAST_RECOVERY_TIMES		1
EWMA_GAIN			0.00390625
RATE_AI				40.0Mb/s
RATE_HAI			100.0Mb/s
MIN_RATE		100Mb/s
DCTCP_RATE_AI				1000Mb/s
ERROR_RATE_PER_LINK		0
L2_CHUNK_SIZE			4000
L2_ACK_INTERVAL			1
L2_BACK_TO_ZERO			No
RATE_BOUND		1
HAS_WIN		0
VAR_WIN		0
FAST_REACT		0
MI_THRESH		0
INT_MULTI				1
GLOBAL_T		1
U_TARGET		0.95
MULTI_RATE				0
SAMPLE_FEEDBACK				0
ENABLE_QCN			Yes
USE_DYNAMIC_PFC_THRESHOLD	Yes
PACKET_PAYLOAD_SIZE		1000
LINK_DOWN				0 0 0
KMAX_MAP				 20000000000 400 50000000000 400 100000000000 400 200000000000 400 250000000000 400 400000000000 400
KMIN_MAP				 20000000000 100 50000000000 100 100000000000 100 200000000000 100 250000000000 100 400000000000 100
PMAX_MAP				 20000000000 0 50000000000 0 100000000000 0.2 200000000000 0.2 250000000000 0.2 400000000000 0.2
LOAD			40
RANDOM_SEED			1
LETFLOW_TIMEOUT			1500
PARALET_ON			0
PARALET_ON			0
(AVG) NIC RATE: 100000000000
node_num=144
maxRtt: 8320, maxBdp: 104000
Configuring switches
------------------------------------------
Running Simulation.
*** input flow is over the prefixed number -- flow number : 129
*** flow_input.idx : 129
*** THIS IS THE LAST FLOW TO SEND :) 
ooo
2000039 1
ooo
2000042 2
ooo
2000042 3
ooo
2000042 4
ooo
2000042 5
ooo
2000043 6
ooo
2000043 7
ooo
2000043 8
ooo
2000043 9
ooo
2000043 10
ooo
2000043 11
ooo
2000044 12
ooo
2000045 13
ooo
2000045 14
ooo
2000045 15
ooo
2000045 16
ooo
2000045 17
ooo
2000046 18
ooo
2000046 19
ooo
2000046 20
ooo
2000046 21
ooo
2000046 22
ooo
2000047 23
ooo
2000047 24
ooo
2000047 25
ooo
2000047 26
ooo
2000047 27
ooo
2000047 28
ooo
2000047 29
ooo
2000047 30
ooo
2000048 31
ooo
2000048 32
ooo
2000048 33
ooo
2000048 34
ooo
2000048 35
ooo
2000048 36
ooo
2000048 37
ooo
2000049 38
ooo
2000049 39
ooo
2000049 40
ooo
2000049 41
ooo
2000050 42
ooo
2000050 43
ooo
2000050 44
ooo
2000050 45
ooo
2000050 46
ooo
2000050 47
ooo
2000050 48
ooo
2000050 49
ooo
2000051 50
ooo
2000051 51
ooo
2000051 52
ooo
2000051 53
ooo
2000051 54
ooo
2000051 55
ooo
2000051 56
ooo
2000052 57
ooo
2000052 58
ooo
2000053 59
ooo
2000053 60
ooo
2000053 61
ooo
2000053 62
ooo
2000053 63
ooo
2000053 64
ooo
2000054 65
ooo
2000054 66
ooo
2000054 67
ooo
2000054 68
ooo
2000054 69
ooo
2000054 70
ooo
2000055 71
ooo
2000055 72
ooo
2000055 73
ooo
2000055 74
ooo
2000056 75
ooo
2000056 76
ooo
2000057 77
ooo
2000057 78
ooo
2000057 79
ooo
2000058 80
ooo
2000058 81
ooo
2000058 82
ooo
2000058 83
ooo
2000059 84
ooo
2000059 85
ooo
2000059 86
ooo
2000060 87
ooo
2000060 88
ooo
2000060 89
ooo
2000060 90
ooo
2000061 91
ooo
2000061 92
ooo
2000061 93
ooo
2000061 94
ooo
2000062 95
ooo
2000062 96
ooo
2000062 97
ooo
2000062 98
ooo
2000062 99
ooo
2000062 100
ooo
2000062 101
ooo
2000062 102
ooo
2000062 103
ooo
2000062 104
ooo
2000063 105
ooo
2000063 106
ooo
2000063 107
ooo
2000063 108
ooo
2000063 109
ooo
2000063 110
ooo
2000063 111
ooo
2000064 112
ooo
2000064 113
ooo
2000064 114
ooo
2000064 115
ooo
2000064 116
ooo
2000064 117
ooo
2000064 118
ooo
2000064 119
ooo
2000065 120
ooo
2000065 121
ooo
2000065 122
ooo
2000065 123
ooo
2000065 124
ooo
2000066 125
ooo
2000066 126
ooo
2000066 127
ooo
2000067 128
ooo
2000067 129
ooo
2000067 130
ooo
2000067 131
ooo
2000067 132
ooo
2000067 133
ooo
2000067 134
ooo
2000068 135
ooo
2000068 136
ooo
2000068 137
ooo
2000068 138
ooo
2000068 139
ooo
2000068 140
ooo
2000069 141
ooo
2000069 142
ooo
2000069 143
ooo
2000069 144
ooo
2000069 145
ooo
2000069 146
ooo
2000069 147
ooo
2000069 148
ooo
2000069 149
ooo
2000070 150
ooo
2000070 151
ooo
2000070 152
ooo
2000070 153
ooo
2000070 154
ooo
2000071 155
ooo
2000071 156
ooo
2000071 157
ooo
2000071 158
ooo
2000071 159
ooo
2000071 160
ooo
2000071 161
ooo
2000071 162
ooo
2000071 163
ooo
2000072 164
ooo
2000072 165
ooo
2000072 166
ooo
2000072 167
ooo
2000072 168
ooo
2000072 169
ooo
2000072 170
ooo
2000072 171
ooo
2000072 172
ooo
2000072 173
ooo
2000072 174
ooo
2000073 175
ooo
2000073 176
ooo
2000073 177
ooo
2000073 178
ooo
2000073 179
ooo
2000073 180
ooo
2000073 181
ooo
2000073 182
ooo
2000073 183
ooo
2000074 184
ooo
2000074 185
ooo
2000074 186
ooo
2000074 187
ooo
2000075 188
ooo
2000075 189
ooo
2000075 190
ooo
2000075 191
ooo
2000075 192
ooo
2000076 193
ooo
2000076 194
ooo
2000076 195
ooo
2000076 196
ooo
2000076 197
ooo
2000076 198
ooo
2000076 199
ooo
2000076 200
ooo
2000076 201
ooo
2000077 202
ooo
2000078 203
ooo
2000079 204
ooo
2000079 205
ooo
2000080 206
ooo
2000080 207
ooo
2000080 208
ooo
2000080 209
ooo
2000081 210
ooo
2000082 211
ooo
2000082 212
ooo
2000082 213
ooo
2000083 214
ooo
2000083 215
ooo
2000084 216
ooo
2000084 217
ooo
2000085 218
ooo
2000085 219
ooo
2000085 220
ooo
2000085 221
ooo
2000085 222
ooo
2000085 223
ooo
2000086 224
ooo
2000087 225
ooo
2000088 226
ooo
2000091 227
ooo
2000092 228
ooo
2000092 229
ooo
2000093 230
ooo
2000093 231
ooo
2000093 232
ooo
2000093 233
ooo
2000093 234
ooo
2000093 235
ooo
2000093 236
ooo
2000093 237
ooo
2000093 238
ooo
2000094 239
ooo
2000094 240
ooo
2000094 241
ooo
2000094 242
ooo
2000096 243
ooo
2000098 244
ooo
2000099 245
ooo
2000100 246
ooo
2000101 247
ooo
2000103 248
ooo
2000103 249
ooo
2000104 250
ooo
2000104 251
ooo
2000104 252
ooo
2000104 253
ooo
2000104 254
ooo
2000104 255
ooo
2000105 256
ooo
2000106 257
ooo
2000106 258
ooo
2000106 259
ooo
2000107 260
ooo
2000107 261
ooo
2000107 262
ooo
2000107 263
ooo
2000107 264
ooo
2000107 265
ooo
2000108 266
ooo
2000108 267
ooo
2000108 268
ooo
2000109 269
ooo
2000109 270
ooo
2000110 271
ooo
2000110 272
ooo
2000112 273
ooo
2000113 274
ooo
2000113 275
ooo
2000113 276
ooo
2000114 277
ooo
2000114 278
ooo
2000114 279
ooo
2000116 280
ooo
2000116 281
ooo
2000117 282
ooo
2000117 283
ooo
2000117 284
ooo
2000123 285
ooo
2000125 286
ooo
2000125 287
ooo
2000125 288
ooo
2000126 289
ooo
2000126 290
ooo
2000129 291
ooo
2000129 292
ooo
2000129 293
ooo
2000136 294
ooo
2000137 295
ooo
2000138 296
ooo
2000139 297
ooo
2000139 298
ooo
2000139 299
ooo
2000139 300
ooo
2000142 301
ooo
2000148 302
ooo
2000152 303
ooo
2000152 304
ooo
2000172 305
ooo
2000173 306
ooo
2000173 307
ooo
2000173 308
ooo
2000173 309
ooo
2000448 310
ooo
2000448 311
ooo
2000452 312
ooo
2000488 313
ooo
2000489 314
ooo
2000491 315
ooo
2000493 316
ooo
2000494 317
ooo
2000503 318
ooo
2000507 319
ooo
2000512 320
ooo
2000548 321
ooo
2000549 322
ooo
2000551 323
ooo
2000553 324
ooo
2000554 325
ooo
2000554 326
ooo
2000555 327
ooo
2000558 328
ooo
2000561 329
ooo
2000562 330
ooo
2000563 331
ooo
2000563 332
ooo
2000565 333
ooo
2000567 334
ooo
2000567 335
ooo
2000568 336
ooo
2000571 337
ooo
2000572 338
ooo
2000573 339
ooo
2000574 340
ooo
2000574 341
ooo
2000575 342
ooo
2000575 343
ooo
2000575 344
ooo
2000576 345
ooo
2000576 346
ooo
2000576 347
ooo
2000577 348
ooo
2000579 349
ooo
2000580 350
ooo
2000580 351
ooo
2000580 352
ooo
2000580 353
ooo
2000582 354
ooo
2000582 355
ooo
2000583 356
ooo
2000584 357
ooo
2000586 358
ooo
2000586 359
ooo
2000587 360
ooo
2000588 361
ooo
2000588 362
ooo
2000589 363
ooo
2000592 364
ooo
2000595 365
ooo
2000597 366
ooo
2000598 367
ooo
2000598 368
ooo
2000599 369
ooo
2000599 370
ooo
2000601 371
ooo
2000601 372
ooo
2000603 373
ooo
2000603 374
ooo
2000604 375
ooo
2000604 376
ooo
2000605 377
ooo
2000606 378
ooo
2000607 379
ooo
2000609 380
ooo
2000609 381
ooo
2000611 382
ooo
2000612 383
ooo
2000612 384
ooo
2000613 385
ooo
2000613 386
ooo
2000614 387
ooo
2000614 388
ooo
2000614 389
ooo
2000615 390
ooo
2000615 391
ooo
2000615 392
ooo
2000617 393
ooo
2000617 394
ooo
2000618 395
ooo
2000618 396
ooo
2000619 397
ooo
2000619 398
ooo
2000619 399
ooo
2000620 400
ooo
2000620 401
ooo
2000620 402
ooo
2000620 403
ooo
2000621 404
ooo
2000623 405
ooo
2000624 406
ooo
2000625 407
ooo
2000625 408
ooo
2000627 409
ooo
2000627 410
ooo
2000627 411
ooo
2000628 412
ooo
2000629 413
ooo
2000630 414
ooo
2000630 415
ooo
2000630 416
ooo
2000630 417
ooo
2000631 418
ooo
2000631 419
ooo
2000632 420
ooo
2000632 421
ooo
2000632 422
ooo
2000633 423
ooo
2000634 424
ooo
2000634 425
ooo
2000643 426
ooo
2000644 427
ooo
2000646 428
ooo
2000648 429
ooo
2000648 430
ooo
2000650 431
ooo
2000651 432
ooo
2000652 433
ooo
2000661 434
ooo
2000664 435
ooo
2000666 436
ooo
2000668 437
ooo
2000671 438
ooo
2000671 439
ooo
2000674 440
ooo
2000675 441
ooo
2000676 442
ooo
2000677 443
ooo
2000677 444
ooo
2000678 445
ooo
2000679 446
ooo
2000680 447
ooo
2000681 448
ooo
2000683 449
ooo
2000683 450
ooo
2000684 451
ooo
2000694 452
ooo
2000698 453
ooo
2000701 454
ooo
2000708 455
ooo
2000708 456
ooo
2000709 457
ooo
2000712 458
ooo
2000712 459
ooo
2000713 460
ooo
2000714 461
ooo
2000716 462
ooo
2000716 463
ooo
2000718 464
ooo
2000720 465
ooo
2000722 466
ooo
2000723 467
ooo
2000725 468
ooo
2000726 469
ooo
2000728 470
ooo
2000732 471
ooo
2000736 472
ooo
2000737 473
ooo
2000739 474
ooo
2000743 475
ooo
2000744 476
ooo
2000745 477
ooo
2000748 478
ooo
2000751 479
ooo
2000753 480
ooo
2000763 481
ooo
2000768 482
ooo
2000768 483
ooo
2000772 484
ooo
2000780 485
ooo
2000785 486
ooo
2000788 487
ooo
2000791 488
ooo
2000794 489
ooo
2000800 490
ooo
2000813 491
ooo
2000815 492
ooo
2000818 493
ooo
2000821 494
ooo
2000822 495
ooo
2000832 496
ooo
2000836 497
ooo
2000844 498
ooo
2000847 499
ooo
2000850 500
ooo
2000851 501
ooo
2000852 502
ooo
2000854 503
ooo
2000855 504
ooo
2000855 505
ooo
2000857 506
ooo
2000857 507
ooo
2000859 508
ooo
2000860 509
ooo
2000861 510
ooo
2000863 511
ooo
2000864 512
ooo
2000879 513
ooo
2000884 514
ooo
2000885 515
ooo
2000887 516
ooo
2000891 517
ooo
2000893 518
ooo
2000899 519
ooo
2000906 520
ooo
2000913 521
ooo
2000914 522
ooo
2000916 523
ooo
2000919 524
ooo
2000922 525
ooo
2000926 526
ooo
2000930 527
ooo
2000934 528
ooo
2000936 529
ooo
2000944 530
ooo
2000954 531
ooo
2000960 532
ooo
2000963 533
ooo
2000967 534
ooo
2000968 535
ooo
2000971 536
ooo
2000994 537
ooo
2001008 538
ooo
2001010 539
ooo
2001013 540
ooo
2001018 541
ooo
2001026 542
ooo
2001034 543
ooo
2001036 544
ooo
2001042 545
ooo
2001050 546
ooo
2001075 547
ooo
2001225 548
ooo
2001231 549
ooo
2001270 550
ooo
2001275 551
ooo
2001279 552
ooo
2001308 553
ooo
2001310 554
ooo
2001317 555
ooo
2001338 556
ooo
2001371 557
ooo
2001391 558
ooo
2001399 559
ooo
2001452 560
ooo
2001456 561
ooo
2001459 562
ooo
2001552 563
ooo
2001560 564
ooo
2001704 565
ooo
2001712 566
ooo
2001753 567
ooo
2001761 568
ooo
2002231 569
ooo
2002233 570
ooo
2002236 571
ooo
2002237 572
ooo
2002238 573
ooo
2002239 574
ooo
2002239 575
ooo
2002241 576
ooo
2002243 577
ooo
2002243 578
ooo
2002243 579
ooo
2002243 580
ooo
2002244 581
ooo
2002249 582
ooo
2002249 583
ooo
2002250 584
ooo
2002250 585
ooo
2002252 586
ooo
2002252 587
ooo
2002255 588
ooo
2002265 589
ooo
2002267 590
ooo
2002271 591
ooo
2002272 592
ooo
2002273 593
ooo
2002278 594
ooo
2002299 595
ooo
2002302 596
ooo
2002308 597
ooo
2002315 598
ooo
2002319 599
ooo
2002323 600
ooo
2002324 601
ooo
2002328 602
ooo
2002329 603
ooo
2002354 604
ooo
2002359 605
ooo
2002365 606
ooo
2002374 607
ooo
2002380 608
ooo
2002385 609
ooo
2002423 610
ooo
2002430 611

*** Simulator is enforced to be finished, finished so far: 129/ total: 129, Time:+2103600000.0ns

------------Letflow History---------------
Number of flowlet's timeout:3247
Letflow's timeout: +1500.0ns
986.361
