Waf: Entering directory `/home/mywang/conweave-ns3/build'
Waf: Leaving directory `/home/mywang/conweave-ns3/build'
'build' finished successfully (0.493s)
TOPOLOGY_FILE			config/leaf_spine_128_100G_OS2.txt
FLOW_FILE			config/random_flow_ring.txt
FLOW_INPUT_FILE			mix/output/488474150/488474150_in.txt
CNP_OUTPUT_FILE			mix/output/488474150/488474150_out_cnp.txt
LETFLOW_OUTPUT_FILE			mix/output/488474150/488474150_out_letflow.txt
REUNION_OUTPUT_FILE			mix/output/488474150/488474150_out_reunion.txt
FCT_OUTPUT_FILE		mix/output/488474150/488474150_out_fct.txt
PFC_OUTPUT_FILE				mix/output/488474150/488474150_out_pfc.txt
QLEN_MON_FILE				mix/output/488474150/488474150_out_qlen.txt
VOQ_MON_FILE				mix/output/488474150/488474150_out_voq.txt
VOQ_MON_DETAIL_FILE				mix/output/488474150/488474150_out_voq_per_dst.txt
UPLINK_MON_FILE				mix/output/488474150/488474150_out_uplink.txt
CONN_MON_FILE				mix/output/488474150/488474150_out_conn.txt
EST_ERROR_MON_FILE			mix/output/488474150/488474150_out_est_error.txt
QLEN_MON_START				2
QLEN_MON_END				2
SW_MONITORING_INTERVAL			10000
FLOWGEN_START_TIME		2
FLOWGEN_STOP_TIME		2.2
BUFFER_SIZE				9
CC_MODE		1
LB_MODE			6
ENABLE_PFC			Yes
ENABLE_IRN		0
CONWEAVE_TX_EXPIRY_TIME			+1000000.0ns
CONWEAVE_REPLY_TIMEOUT_EXTRA			+4000.0ns
CONWEAVE_PATH_PAUSE_TIME			+16000.0ns
CONWEAVE_EXTRA_VOQ_FLUSH_TIME			+64000.0ns
CONWEAVE_DEFAULT_VOQ_WAITING_TIME			+400000.0ns
ALPHA_RESUME_INTERVAL		1
RATE_DECREASE_INTERVAL		4
CLAMP_TARGET_RATE		No
RP_TIMER			300
FAST_RECOVERY_TIMES		1
EWMA_GAIN			0.00390625
RATE_AI				40.0Mb/s
RATE_HAI			100.0Mb/s
MIN_RATE		100Mb/s
DCTCP_RATE_AI				1000Mb/s
ERROR_RATE_PER_LINK		0
L2_CHUNK_SIZE			4000
L2_ACK_INTERVAL			1
L2_BACK_TO_ZERO			No
RATE_BOUND		1
HAS_WIN		0
VAR_WIN		0
FAST_REACT		0
MI_THRESH		0
INT_MULTI				1
GLOBAL_T		1
U_TARGET		0.95
MULTI_RATE				0
SAMPLE_FEEDBACK				0
ENABLE_QCN			Yes
USE_DYNAMIC_PFC_THRESHOLD	Yes
PACKET_PAYLOAD_SIZE		1000
LINK_DOWN				0 0 0
KMAX_MAP				 20000000000 400 50000000000 400 100000000000 400 200000000000 400 250000000000 400 400000000000 400
KMIN_MAP				 20000000000 100 50000000000 100 100000000000 100 200000000000 100 250000000000 100 400000000000 100
PMAX_MAP				 20000000000 0 50000000000 0 100000000000 0.2 200000000000 0.2 250000000000 0.2 400000000000 0.2
LOAD			40
RANDOM_SEED			1
LETFLOW_TIMEOUT			1800
PARALET_ON			0
PARALET_ON			0
(AVG) NIC RATE: 100000000000
node_num=144
maxRtt: 8320, maxBdp: 104000
Configuring switches
------------------------------------------
Running Simulation.
*** input flow is over the prefixed number -- flow number : 129
*** flow_input.idx : 129
*** THIS IS THE LAST FLOW TO SEND :) 
ooo
2000039 1
ooo
2000042 2
ooo
2000042 3
ooo
2000042 4
ooo
2000042 5
ooo
2000043 6
ooo
2000043 7
ooo
2000043 8
ooo
2000043 9
ooo
2000043 10
ooo
2000043 11
ooo
2000044 12
ooo
2000045 13
ooo
2000045 14
ooo
2000045 15
ooo
2000045 16
ooo
2000045 17
ooo
2000046 18
ooo
2000046 19
ooo
2000046 20
ooo
2000046 21
ooo
2000046 22
ooo
2000047 23
ooo
2000047 24
ooo
2000047 25
ooo
2000047 26
ooo
2000047 27
ooo
2000047 28
ooo
2000047 29
ooo
2000047 30
ooo
2000048 31
ooo
2000048 32
ooo
2000048 33
ooo
2000048 34
ooo
2000048 35
ooo
2000048 36
ooo
2000048 37
ooo
2000049 38
ooo
2000049 39
ooo
2000049 40
ooo
2000049 41
ooo
2000050 42
ooo
2000050 43
ooo
2000050 44
ooo
2000050 45
ooo
2000050 46
ooo
2000050 47
ooo
2000050 48
ooo
2000050 49
ooo
2000051 50
ooo
2000051 51
ooo
2000051 52
ooo
2000051 53
ooo
2000051 54
ooo
2000051 55
ooo
2000051 56
ooo
2000052 57
ooo
2000052 58
ooo
2000053 59
ooo
2000053 60
ooo
2000053 61
ooo
2000053 62
ooo
2000053 63
ooo
2000053 64
ooo
2000054 65
ooo
2000054 66
ooo
2000054 67
ooo
2000054 68
ooo
2000054 69
ooo
2000054 70
ooo
2000055 71
ooo
2000055 72
ooo
2000055 73
ooo
2000055 74
ooo
2000056 75
ooo
2000056 76
ooo
2000057 77
ooo
2000057 78
ooo
2000057 79
ooo
2000058 80
ooo
2000058 81
ooo
2000058 82
ooo
2000058 83
ooo
2000059 84
ooo
2000059 85
ooo
2000059 86
ooo
2000060 87
ooo
2000060 88
ooo
2000060 89
ooo
2000060 90
ooo
2000061 91
ooo
2000061 92
ooo
2000061 93
ooo
2000061 94
ooo
2000062 95
ooo
2000062 96
ooo
2000062 97
ooo
2000062 98
ooo
2000062 99
ooo
2000062 100
ooo
2000062 101
ooo
2000062 102
ooo
2000062 103
ooo
2000062 104
ooo
2000063 105
ooo
2000063 106
ooo
2000063 107
ooo
2000063 108
ooo
2000063 109
ooo
2000063 110
ooo
2000063 111
ooo
2000064 112
ooo
2000064 113
ooo
2000064 114
ooo
2000064 115
ooo
2000064 116
ooo
2000064 117
ooo
2000064 118
ooo
2000064 119
ooo
2000065 120
ooo
2000065 121
ooo
2000065 122
ooo
2000065 123
ooo
2000065 124
ooo
2000066 125
ooo
2000066 126
ooo
2000066 127
ooo
2000067 128
ooo
2000067 129
ooo
2000067 130
ooo
2000067 131
ooo
2000067 132
ooo
2000067 133
ooo
2000067 134
ooo
2000068 135
ooo
2000068 136
ooo
2000068 137
ooo
2000068 138
ooo
2000068 139
ooo
2000068 140
ooo
2000069 141
ooo
2000069 142
ooo
2000069 143
ooo
2000069 144
ooo
2000069 145
ooo
2000069 146
ooo
2000069 147
ooo
2000069 148
ooo
2000069 149
ooo
2000070 150
ooo
2000070 151
ooo
2000070 152
ooo
2000070 153
ooo
2000070 154
ooo
2000071 155
ooo
2000071 156
ooo
2000071 157
ooo
2000071 158
ooo
2000071 159
ooo
2000071 160
ooo
2000071 161
ooo
2000071 162
ooo
2000071 163
ooo
2000072 164
ooo
2000072 165
ooo
2000072 166
ooo
2000072 167
ooo
2000072 168
ooo
2000072 169
ooo
2000072 170
ooo
2000072 171
ooo
2000072 172
ooo
2000072 173
ooo
2000072 174
ooo
2000073 175
ooo
2000073 176
ooo
2000073 177
ooo
2000073 178
ooo
2000073 179
ooo
2000073 180
ooo
2000073 181
ooo
2000073 182
ooo
2000073 183
ooo
2000074 184
ooo
2000074 185
ooo
2000074 186
ooo
2000074 187
ooo
2000075 188
ooo
2000075 189
ooo
2000075 190
ooo
2000075 191
ooo
2000075 192
ooo
2000076 193
ooo
2000076 194
ooo
2000076 195
ooo
2000076 196
ooo
2000076 197
ooo
2000076 198
ooo
2000076 199
ooo
2000076 200
ooo
2000076 201
ooo
2000077 202
ooo
2000078 203
ooo
2000079 204
ooo
2000079 205
ooo
2000080 206
ooo
2000080 207
ooo
2000080 208
ooo
2000080 209
ooo
2000081 210
ooo
2000082 211
ooo
2000082 212
ooo
2000082 213
ooo
2000083 214
ooo
2000083 215
ooo
2000084 216
ooo
2000084 217
ooo
2000085 218
ooo
2000085 219
ooo
2000085 220
ooo
2000085 221
ooo
2000085 222
ooo
2000085 223
ooo
2000086 224
ooo
2000087 225
ooo
2000088 226
ooo
2000091 227
ooo
2000092 228
ooo
2000092 229
ooo
2000093 230
ooo
2000093 231
ooo
2000093 232
ooo
2000093 233
ooo
2000093 234
ooo
2000093 235
ooo
2000093 236
ooo
2000093 237
ooo
2000093 238
ooo
2000094 239
ooo
2000094 240
ooo
2000094 241
ooo
2000094 242
ooo
2000096 243
ooo
2000098 244
ooo
2000099 245
ooo
2000100 246
ooo
2000101 247
ooo
2000103 248
ooo
2000103 249
ooo
2000104 250
ooo
2000104 251
ooo
2000104 252
ooo
2000104 253
ooo
2000104 254
ooo
2000104 255
ooo
2000105 256
ooo
2000106 257
ooo
2000106 258
ooo
2000106 259
ooo
2000107 260
ooo
2000107 261
ooo
2000107 262
ooo
2000107 263
ooo
2000107 264
ooo
2000107 265
ooo
2000108 266
ooo
2000108 267
ooo
2000108 268
ooo
2000109 269
ooo
2000109 270
ooo
2000110 271
ooo
2000110 272
ooo
2000112 273
ooo
2000113 274
ooo
2000113 275
ooo
2000113 276
ooo
2000114 277
ooo
2000114 278
ooo
2000114 279
ooo
2000116 280
ooo
2000116 281
ooo
2000117 282
ooo
2000117 283
ooo
2000117 284
ooo
2000123 285
ooo
2000125 286
ooo
2000125 287
ooo
2000125 288
ooo
2000126 289
ooo
2000126 290
ooo
2000129 291
ooo
2000129 292
ooo
2000129 293
ooo
2000136 294
ooo
2000137 295
ooo
2000138 296
ooo
2000139 297
ooo
2000139 298
ooo
2000139 299
ooo
2000139 300
ooo
2000142 301
ooo
2000148 302
ooo
2000152 303
ooo
2000152 304
ooo
2000172 305
ooo
2000173 306
ooo
2000173 307
ooo
2000173 308
ooo
2000173 309
ooo
2000448 310
ooo
2000448 311
ooo
2000452 312
ooo
2000488 313
ooo
2000489 314
ooo
2000491 315
ooo
2000493 316
ooo
2000494 317
ooo
2000503 318
ooo
2000507 319
ooo
2000512 320
ooo
2000553 321
ooo
2000554 322
ooo
2000555 323
ooo
2000557 324
ooo
2000558 325
ooo
2000558 326
ooo
2000558 327
ooo
2000561 328
ooo
2000561 329
ooo
2000563 330
ooo
2000568 331
ooo
2000569 332
ooo
2000574 333
ooo
2000575 334
ooo
2000576 335
ooo
2000578 336
ooo
2000578 337
ooo
2000578 338
ooo
2000581 339
ooo
2000581 340
ooo
2000582 341
ooo
2000584 342
ooo
2000585 343
ooo
2000585 344
ooo
2000587 345
ooo
2000589 346
ooo
2000590 347
ooo
2000592 348
ooo
2000593 349
ooo
2000596 350
ooo
2000596 351
ooo
2000601 352
ooo
2000604 353
ooo
2000605 354
ooo
2000606 355
ooo
2000608 356
ooo
2000609 357
ooo
2000610 358
ooo
2000610 359
ooo
2000611 360
ooo
2000617 361
ooo
2000618 362
ooo
2000620 363
ooo
2000620 364
ooo
2000621 365
ooo
2000623 366
ooo
2000624 367
ooo
2000624 368
ooo
2000624 369
ooo
2000626 370
ooo
2000628 371
ooo
2000629 372
ooo
2000630 373
ooo
2000631 374
ooo
2000631 375
ooo
2000632 376
ooo
2000634 377
ooo
2000635 378
ooo
2000635 379
ooo
2000635 380
ooo
2000636 381
ooo
2000638 382
ooo
2000638 383
ooo
2000638 384
ooo
2000641 385
ooo
2000642 386
ooo
2000642 387
ooo
2000643 388
ooo
2000646 389
ooo
2000658 390
ooo
2000658 391
ooo
2000660 392
ooo
2000661 393
ooo
2000661 394
ooo
2000663 395
ooo
2000664 396
ooo
2000666 397
ooo
2000673 398
ooo
2000674 399
ooo
2000678 400
ooo
2000679 401
ooo
2000681 402
ooo
2000682 403
ooo
2000683 404
ooo
2000684 405
ooo
2000690 406
ooo
2000695 407
ooo
2000705 408
ooo
2000706 409
ooo
2000710 410
ooo
2000710 411
ooo
2000720 412
ooo
2000735 413
ooo
2000740 414
ooo
2000741 415
ooo
2000743 416
ooo
2000747 417
ooo
2000748 418
ooo
2000748 419
ooo
2000754 420
ooo
2000763 421
ooo
2000768 422
ooo
2000791 423
ooo
2000797 424
ooo
2000802 425
ooo
2000820 426
ooo
2000824 427
ooo
2000826 428
ooo
2000831 429
ooo
2000843 430
ooo
2000852 431
ooo
2000859 432
ooo
2000863 433
ooo
2000866 434
ooo
2000868 435
ooo
2000869 436
ooo
2000875 437
ooo
2000889 438
ooo
2000893 439
ooo
2000896 440
ooo
2000903 441
ooo
2000910 442
ooo
2000917 443
ooo
2000919 444
ooo
2000923 445
ooo
2000925 446
ooo
2000927 447
ooo
2000932 448
ooo
2000934 449
ooo
2000951 450
ooo
2000959 451
ooo
2000971 452
ooo
2000981 453
ooo
2000998 454
ooo
2001003 455
ooo
2001009 456
ooo
2001025 457
ooo
2001033 458
ooo
2001034 459
ooo
2001039 460
ooo
2001039 461
ooo
2001047 462
ooo
2001079 463
ooo
2001085 464
ooo
2001087 465
ooo
2001102 466
ooo
2001107 467
ooo
2001109 468
ooo
2001117 469
ooo
2001119 470
ooo
2001128 471
ooo
2001133 472
ooo
2001139 473
ooo
2001259 474
ooo
2001268 475
ooo
2001280 476
ooo
2001281 477
ooo
2001286 478
ooo
2001288 479
ooo
2001311 480
ooo
2001312 481
ooo
2001318 482
ooo
2001326 483
ooo
2001346 484
ooo
2001349 485
ooo
2001352 486
ooo
2001374 487
ooo
2001377 488
ooo
2001402 489
ooo
2001425 490
ooo
2001481 491
ooo
2001556 492

*** Simulator is enforced to be finished, finished so far: 129/ total: 129, Time:+2104300000.0ns

------------Letflow History---------------
Number of flowlet's timeout:2277
Letflow's timeout: +1800.0ns
994.137
