Waf: Entering directory `/home/mywang/conweave-ns3/build'
[1265/1449] cxx: src/point-to-point/model/rdma-hw.cc -> build/src/point-to-point/model/rdma-hw.cc.1.o
[1418/1449] cxxshlib: build/src/point-to-point/model/point-to-point-net-device.cc.1.o build/src/point-to-point/model/point-to-point-channel.cc.1.o build/src/point-to-point/model/point-to-point-remote-channel.cc.1.o build/src/point-to-point/model/ppp-header.cc.1.o build/src/point-to-point/helper/point-to-point-helper.cc.1.o build/src/point-to-point/helper/qbb-helper.cc.1.o build/src/point-to-point/model/qbb-net-device.cc.1.o build/src/point-to-point/model/pause-header.cc.1.o build/src/point-to-point/model/cn-header.cc.1.o build/src/point-to-point/model/qbb-header.cc.1.o build/src/point-to-point/model/qbb-channel.cc.1.o build/src/point-to-point/model/qbb-remote-channel.cc.1.o build/src/point-to-point/model/rdma-driver.cc.1.o build/src/point-to-point/model/rdma-queue-pair.cc.1.o build/src/point-to-point/model/rdma-hw.cc.1.o build/src/point-to-point/model/switch-node.cc.1.o build/src/point-to-point/model/switch-mmu.cc.1.o build/src/point-to-point/model/flow-stat-tag.cc.1.o build/src/point-to-point/model/settings.cc.1.o build/src/point-to-point/model/conga-routing.cc.1.o build/src/point-to-point/model/letflow-routing.cc.1.o build/src/point-to-point/model/conweave-routing.cc.1.o build/src/point-to-point/model/conweave-voq.cc.1.o build/src/point-to-point/helper/selective-packet-queue.cc.1.o build/src/point-to-point/model/reunion-routing.cc.1.o -> build/libns3.19-point-to-point-optimized.so
[1423/1449] cxxshlib: build/src/applications/model/bulk-send-application.cc.1.o build/src/applications/model/onoff-application.cc.1.o build/src/applications/model/packet-sink.cc.1.o build/src/applications/model/ping6.cc.1.o build/src/applications/model/radvd.cc.1.o build/src/applications/model/radvd-interface.cc.1.o build/src/applications/model/radvd-prefix.cc.1.o build/src/applications/model/udp-client.cc.1.o build/src/applications/model/udp-server.cc.1.o build/src/applications/model/udp-trace-client.cc.1.o build/src/applications/model/packet-loss-counter.cc.1.o build/src/applications/model/udp-echo-client.cc.1.o build/src/applications/model/udp-echo-server.cc.1.o build/src/applications/model/v4ping.cc.1.o build/src/applications/helper/bulk-send-helper.cc.1.o build/src/applications/helper/on-off-helper.cc.1.o build/src/applications/helper/packet-sink-helper.cc.1.o build/src/applications/helper/ping6-helper.cc.1.o build/src/applications/helper/udp-client-server-helper.cc.1.o build/src/applications/helper/udp-echo-helper.cc.1.o build/src/applications/helper/v4ping-helper.cc.1.o build/src/applications/model/rdma-client.cc.1.o build/src/applications/helper/rdma-client-helper.cc.1.o build/src/applications/model/check-all-packets.cc.1.o build/src/applications/model/app-recv-buffer.cc.1.o -> build/libns3.19-applications-optimized.so
[1426/1449] cxxshlib: build/src/csma/model/backoff.cc.1.o build/src/csma/model/csma-net-device.cc.1.o build/src/csma/model/csma-channel.cc.1.o build/src/csma/helper/csma-helper.cc.1.o -> build/libns3.19-csma-optimized.so
[1428/1449] cxxshlib: build/src/mesh/model/mesh-information-element-vector.cc.1.o build/src/mesh/model/mesh-point-device.cc.1.o build/src/mesh/model/mesh-l2-routing-protocol.cc.1.o build/src/mesh/model/mesh-wifi-beacon.cc.1.o build/src/mesh/model/mesh-wifi-interface-mac.cc.1.o build/src/mesh/model/dot11s/ie-dot11s-beacon-timing.cc.1.o build/src/mesh/model/dot11s/ie-dot11s-configuration.cc.1.o build/src/mesh/model/dot11s/ie-dot11s-id.cc.1.o build/src/mesh/model/dot11s/ie-dot11s-peer-management.cc.1.o build/src/mesh/model/dot11s/ie-dot11s-preq.cc.1.o build/src/mesh/model/dot11s/ie-dot11s-prep.cc.1.o build/src/mesh/model/dot11s/ie-dot11s-perr.cc.1.o build/src/mesh/model/dot11s/ie-dot11s-rann.cc.1.o build/src/mesh/model/dot11s/ie-dot11s-peering-protocol.cc.1.o build/src/mesh/model/dot11s/ie-dot11s-metric-report.cc.1.o build/src/mesh/model/dot11s/dot11s-mac-header.cc.1.o build/src/mesh/model/dot11s/peer-link-frame.cc.1.o build/src/mesh/model/dot11s/peer-link.cc.1.o build/src/mesh/model/dot11s/peer-management-protocol-mac.cc.1.o build/src/mesh/model/dot11s/peer-management-protocol.cc.1.o build/src/mesh/model/dot11s/hwmp-tag.cc.1.o build/src/mesh/model/dot11s/hwmp-rtable.cc.1.o build/src/mesh/model/dot11s/hwmp-protocol-mac.cc.1.o build/src/mesh/model/dot11s/hwmp-protocol.cc.1.o build/src/mesh/model/dot11s/airtime-metric.cc.1.o build/src/mesh/model/flame/flame-header.cc.1.o build/src/mesh/model/flame/flame-rtable.cc.1.o build/src/mesh/model/flame/flame-protocol-mac.cc.1.o build/src/mesh/model/flame/flame-protocol.cc.1.o build/src/mesh/helper/mesh-helper.cc.1.o build/src/mesh/helper/dot11s/dot11s-installer.cc.1.o build/src/mesh/helper/flame/flame-installer.cc.1.o -> build/libns3.19-mesh-optimized.so
[1429/1449] cxxshlib: build/src/wimax/model/cid.cc.1.o build/src/wimax/model/cid-factory.cc.1.o build/src/wimax/model/wimax-net-device.cc.1.o build/src/wimax/model/bs-net-device.cc.1.o build/src/wimax/model/ss-net-device.cc.1.o build/src/wimax/model/wimax-mac-header.cc.1.o build/src/wimax/model/wimax-phy.cc.1.o build/src/wimax/model/wimax-channel.cc.1.o build/src/wimax/model/ofdm-downlink-frame-prefix.cc.1.o build/src/wimax/model/wimax-connection.cc.1.o build/src/wimax/model/ss-record.cc.1.o build/src/wimax/model/mac-messages.cc.1.o build/src/wimax/model/dl-mac-messages.cc.1.o build/src/wimax/model/ul-mac-messages.cc.1.o build/src/wimax/model/simple-ofdm-wimax-phy.cc.1.o build/src/wimax/model/simple-ofdm-wimax-channel.cc.1.o build/src/wimax/model/send-params.cc.1.o build/src/wimax/model/ss-manager.cc.1.o build/src/wimax/model/connection-manager.cc.1.o build/src/wimax/model/bs-uplink-scheduler.cc.1.o build/src/wimax/model/bs-uplink-scheduler-simple.cc.1.o build/src/wimax/model/bs-uplink-scheduler-mbqos.cc.1.o build/src/wimax/model/bs-uplink-scheduler-rtps.cc.1.o build/src/wimax/model/bs-scheduler.cc.1.o build/src/wimax/model/bs-scheduler-simple.cc.1.o build/src/wimax/model/bs-scheduler-rtps.cc.1.o build/src/wimax/model/wimax-mac-queue.cc.1.o build/src/wimax/model/burst-profile-manager.cc.1.o build/src/wimax/model/ss-scheduler.cc.1.o build/src/wimax/model/service-flow.cc.1.o build/src/wimax/model/service-flow-manager.cc.1.o build/src/wimax/model/service-flow-record.cc.1.o build/src/wimax/model/ss-link-manager.cc.1.o build/src/wimax/model/bs-link-manager.cc.1.o build/src/wimax/model/bandwidth-manager.cc.1.o build/src/wimax/model/crc8.cc.1.o build/src/wimax/model/ul-job.cc.1.o build/src/wimax/model/snr-to-block-error-rate-record.cc.1.o build/src/wimax/model/snr-to-block-error-rate-manager.cc.1.o build/src/wimax/model/simple-ofdm-send-param.cc.1.o build/src/wimax/model/ss-service-flow-manager.cc.1.o build/src/wimax/model/bs-service-flow-manager.cc.1.o build/src/wimax/model/ipcs-classifier.cc.1.o build/src/wimax/model/ipcs-classifier-record.cc.1.o build/src/wimax/model/wimax-tlv.cc.1.o build/src/wimax/model/cs-parameters.cc.1.o build/src/wimax/model/wimax-mac-to-mac-header.cc.1.o build/src/wimax/helper/wimax-helper.cc.1.o -> build/libns3.19-wimax-optimized.so
[1429/1449] cxxshlib: build/src/spectrum/model/spectrum-model.cc.1.o build/src/spectrum/model/spectrum-value.cc.1.o build/src/spectrum/model/spectrum-converter.cc.1.o build/src/spectrum/model/spectrum-signal-parameters.cc.1.o build/src/spectrum/model/spectrum-propagation-loss-model.cc.1.o build/src/spectrum/model/friis-spectrum-propagation-loss.cc.1.o build/src/spectrum/model/constant-spectrum-propagation-loss.cc.1.o build/src/spectrum/model/spectrum-phy.cc.1.o build/src/spectrum/model/spectrum-channel.cc.1.o build/src/spectrum/model/single-model-spectrum-channel.cc.1.o build/src/spectrum/model/multi-model-spectrum-channel.cc.1.o build/src/spectrum/model/spectrum-interference.cc.1.o build/src/spectrum/model/spectrum-error-model.cc.1.o build/src/spectrum/model/spectrum-model-ism2400MHz-res1MHz.cc.1.o build/src/spectrum/model/spectrum-model-300kHz-300GHz-log.cc.1.o build/src/spectrum/model/wifi-spectrum-value-helper.cc.1.o build/src/spectrum/model/waveform-generator.cc.1.o build/src/spectrum/model/spectrum-analyzer.cc.1.o build/src/spectrum/model/aloha-noack-mac-header.cc.1.o build/src/spectrum/model/aloha-noack-net-device.cc.1.o build/src/spectrum/model/half-duplex-ideal-phy.cc.1.o build/src/spectrum/model/half-duplex-ideal-phy-signal-parameters.cc.1.o build/src/spectrum/model/non-communicating-net-device.cc.1.o build/src/spectrum/model/microwave-oven-spectrum-value-helper.cc.1.o build/src/spectrum/helper/spectrum-helper.cc.1.o build/src/spectrum/helper/adhoc-aloha-noack-ideal-phy-helper.cc.1.o build/src/spectrum/helper/waveform-generator-helper.cc.1.o build/src/spectrum/helper/spectrum-analyzer-helper.cc.1.o -> build/libns3.19-spectrum-optimized.so
[1430/1449] cxxshlib: build/src/olsr/model/olsr-header.cc.1.o build/src/olsr/model/olsr-state.cc.1.o build/src/olsr/model/olsr-routing-protocol.cc.1.o build/src/olsr/helper/olsr-helper.cc.1.o -> build/libns3.19-olsr-optimized.so
[1432/1449] cxxshlib: build/src/dsdv/model/dsdv-rtable.cc.1.o build/src/dsdv/model/dsdv-packet-queue.cc.1.o build/src/dsdv/model/dsdv-packet.cc.1.o build/src/dsdv/model/dsdv-routing-protocol.cc.1.o build/src/dsdv/helper/dsdv-helper.cc.1.o -> build/libns3.19-dsdv-optimized.so
[1434/1449] cxxshlib: build/src/aodv/model/aodv-id-cache.cc.1.o build/src/aodv/model/aodv-dpd.cc.1.o build/src/aodv/model/aodv-rtable.cc.1.o build/src/aodv/model/aodv-rqueue.cc.1.o build/src/aodv/model/aodv-packet.cc.1.o build/src/aodv/model/aodv-neighbor.cc.1.o build/src/aodv/model/aodv-routing-protocol.cc.1.o build/src/aodv/helper/aodv-helper.cc.1.o -> build/libns3.19-aodv-optimized.so
[1434/1449] cxxshlib: build/src/dsr/model/dsr-routing.cc.1.o build/src/dsr/model/dsr-options.cc.1.o build/src/dsr/model/dsr-fs-header.cc.1.o build/src/dsr/model/dsr-option-header.cc.1.o build/src/dsr/model/dsr-maintain-buff.cc.1.o build/src/dsr/model/dsr-rsendbuff.cc.1.o build/src/dsr/model/dsr-rcache.cc.1.o build/src/dsr/model/dsr-rreq-table.cc.1.o build/src/dsr/model/dsr-gratuitous-reply-table.cc.1.o build/src/dsr/model/dsr-errorbuff.cc.1.o build/src/dsr/model/dsr-network-queue.cc.1.o build/src/dsr/helper/dsr-helper.cc.1.o build/src/dsr/helper/dsr-main-helper.cc.1.o -> build/libns3.19-dsr-optimized.so
[1434/1449] cxxshlib: build/src/lte/model/lte-common.cc.1.o build/src/lte/model/lte-spectrum-phy.cc.1.o build/src/lte/model/lte-spectrum-signal-parameters.cc.1.o build/src/lte/model/lte-phy.cc.1.o build/src/lte/model/lte-enb-phy.cc.1.o build/src/lte/model/lte-ue-phy.cc.1.o build/src/lte/model/lte-spectrum-value-helper.cc.1.o build/src/lte/model/lte-amc.cc.1.o build/src/lte/model/lte-enb-rrc.cc.1.o build/src/lte/model/lte-ue-rrc.cc.1.o build/src/lte/model/lte-rlc-sap.cc.1.o build/src/lte/model/lte-rlc.cc.1.o build/src/lte/model/lte-rlc-sequence-number.cc.1.o build/src/lte/model/lte-rlc-header.cc.1.o build/src/lte/model/lte-rlc-am-header.cc.1.o build/src/lte/model/lte-rlc-um.cc.1.o build/src/lte/model/lte-rlc-am.cc.1.o build/src/lte/model/lte-rlc-tag.cc.1.o build/src/lte/model/lte-rlc-sdu-status-tag.cc.1.o build/src/lte/model/lte-pdcp-sap.cc.1.o build/src/lte/model/lte-pdcp.cc.1.o build/src/lte/model/lte-pdcp-header.cc.1.o build/src/lte/model/lte-pdcp-tag.cc.1.o build/src/lte/model/eps-bearer.cc.1.o build/src/lte/model/lte-radio-bearer-info.cc.1.o build/src/lte/model/lte-net-device.cc.1.o build/src/lte/model/lte-enb-net-device.cc.1.o build/src/lte/model/lte-ue-net-device.cc.1.o build/src/lte/model/ideal-control-messages.cc.1.o build/src/lte/helper/lte-helper.cc.1.o build/src/lte/helper/lte-stats-calculator.cc.1.o build/src/lte/helper/epc-helper.cc.1.o build/src/lte/helper/radio-bearer-stats-calculator.cc.1.o build/src/lte/helper/mac-stats-calculator.cc.1.o build/src/lte/helper/radio-environment-map-helper.cc.1.o build/src/lte/helper/lte-hex-grid-enb-topology-helper.cc.1.o build/src/lte/model/rem-spectrum-phy.cc.1.o build/src/lte/model/ff-mac-csched-sap.cc.1.o build/src/lte/model/ff-mac-sched-sap.cc.1.o build/src/lte/model/lte-mac-sap.cc.1.o build/src/lte/model/ff-mac-scheduler.cc.1.o build/src/lte/model/lte-enb-cmac-sap.cc.1.o build/src/lte/model/lte-ue-cmac-sap.cc.1.o build/src/lte/model/rr-ff-mac-scheduler.cc.1.o build/src/lte/model/lte-enb-mac.cc.1.o build/src/lte/model/lte-ue-mac.cc.1.o build/src/lte/model/lte-radio-bearer-tag.cc.1.o build/src/lte/model/lte-phy-tag.cc.1.o build/src/lte/model/lte-enb-phy-sap.cc.1.o build/src/lte/model/lte-ue-phy-sap.cc.1.o build/src/lte/model/lte-interference.cc.1.o build/src/lte/model/lte-sinr-chunk-processor.cc.1.o build/src/lte/model/pf-ff-mac-scheduler.cc.1.o build/src/lte/model/epc-gtpu-header.cc.1.o build/src/lte/model/trace-fading-loss-model.cc.1.o build/src/lte/model/epc-enb-application.cc.1.o build/src/lte/model/epc-sgw-pgw-application.cc.1.o build/src/lte/model/epc-tft.cc.1.o build/src/lte/model/epc-tft-classifier.cc.1.o build/src/lte/model/lte-mi-error-model.cc.1.o -> build/libns3.19-lte-optimized.so
[1435/1449] cxxshlib: build/src/netanim/model/animation-interface.cc.1.o build/src/netanim/helper/animation-interface-helper.cc.1.o -> build/libns3.19-netanim-optimized.so
[1436/1449] cxxshlib: build/src/csma-layout/model/csma-star-helper.cc.1.o -> build/libns3.19-csma-layout-optimized.so
[1437/1449] cxxshlib: build/src/point-to-point-layout/model/point-to-point-dumbbell.cc.1.o build/src/point-to-point-layout/model/point-to-point-grid.cc.1.o build/src/point-to-point-layout/model/point-to-point-star.cc.1.o -> build/libns3.19-point-to-point-layout-optimized.so
[1438/1449] cxxshlib:  -> build/libns3.19-test-optimized.so
[1440/1449] cxxprogram: build/scratch/subdir/scratch-simulator-subdir.cc.3.o -> build/scratch/subdir/subdir
[1442/1449] cxxprogram: build/utils/print-introspected-doxygen.cc.4.o -> build/utils/ns3.19-print-introspected-doxygen-optimized
[1441/1449] cxxprogram: build/scratch/scratch-simulator.cc.2.o -> build/scratch/scratch-simulator
[1443/1449] cxxprogram: build/scratch/network-load-balance.cc.1.o -> build/scratch/network-load-balance
[1443/1449] cxxprogram: build/utils/test-runner.cc.1.o -> build/utils/ns3.19-test-runner-optimized
Waf: Leaving directory `/home/mywang/conweave-ns3/build'
'build' finished successfully (8.760s)
TOPOLOGY_FILE			config/leaf_spine_128_100G_OS2.txt
FLOW_FILE			config/random_flow_ring.txt
FLOW_INPUT_FILE			mix/output/156411172/156411172_in.txt
CNP_OUTPUT_FILE			mix/output/156411172/156411172_out_cnp.txt
LETFLOW_OUTPUT_FILE			mix/output/156411172/156411172_out_letflow.txt
REUNION_OUTPUT_FILE			mix/output/156411172/156411172_out_reunion.txt
FCT_OUTPUT_FILE		mix/output/156411172/156411172_out_fct.txt
PFC_OUTPUT_FILE				mix/output/156411172/156411172_out_pfc.txt
QLEN_MON_FILE				mix/output/156411172/156411172_out_qlen.txt
VOQ_MON_FILE				mix/output/156411172/156411172_out_voq.txt
VOQ_MON_DETAIL_FILE				mix/output/156411172/156411172_out_voq_per_dst.txt
UPLINK_MON_FILE				mix/output/156411172/156411172_out_uplink.txt
CONN_MON_FILE				mix/output/156411172/156411172_out_conn.txt
EST_ERROR_MON_FILE			mix/output/156411172/156411172_out_est_error.txt
QLEN_MON_START				2
QLEN_MON_END				2
SW_MONITORING_INTERVAL			10000
FLOWGEN_START_TIME		2
FLOWGEN_STOP_TIME		2.2
BUFFER_SIZE				9
CC_MODE		1
LB_MODE			6
ENABLE_PFC			Yes
ENABLE_IRN		0
CONWEAVE_TX_EXPIRY_TIME			+1000000.0ns
CONWEAVE_REPLY_TIMEOUT_EXTRA			+4000.0ns
CONWEAVE_PATH_PAUSE_TIME			+16000.0ns
CONWEAVE_EXTRA_VOQ_FLUSH_TIME			+64000.0ns
CONWEAVE_DEFAULT_VOQ_WAITING_TIME			+400000.0ns
ALPHA_RESUME_INTERVAL		1
RATE_DECREASE_INTERVAL		4
CLAMP_TARGET_RATE		No
RP_TIMER			300
FAST_RECOVERY_TIMES		1
EWMA_GAIN			0.00390625
RATE_AI				40.0Mb/s
RATE_HAI			100.0Mb/s
MIN_RATE		100Mb/s
DCTCP_RATE_AI				1000Mb/s
ERROR_RATE_PER_LINK		0
L2_CHUNK_SIZE			4000
L2_ACK_INTERVAL			1
L2_BACK_TO_ZERO			No
RATE_BOUND		1
HAS_WIN		0
VAR_WIN		0
FAST_REACT		0
MI_THRESH		0
INT_MULTI				1
GLOBAL_T		1
U_TARGET		0.95
MULTI_RATE				0
SAMPLE_FEEDBACK				0
ENABLE_QCN			Yes
USE_DYNAMIC_PFC_THRESHOLD	Yes
PACKET_PAYLOAD_SIZE		1000
LINK_DOWN				0 0 0
KMAX_MAP				 20000000000 400 50000000000 400 100000000000 400 200000000000 400 250000000000 400 400000000000 400
KMIN_MAP				 20000000000 100 50000000000 100 100000000000 100 200000000000 100 250000000000 100 400000000000 100
PMAX_MAP				 20000000000 0 50000000000 0 100000000000 0.2 200000000000 0.2 250000000000 0.2 400000000000 0.2
LOAD			40
RANDOM_SEED			1
LETFLOW_TIMEOUT			2
PARALET_ON			0
PARALET_ON			0
(AVG) NIC RATE: 100000000000
node_num=144
maxRtt: 8320, maxBdp: 104000
Configuring switches
------------------------------------------
Running Simulation.
*** input flow is over the prefixed number -- flow number : 129
*** flow_input.idx : 129
*** THIS IS THE LAST FLOW TO SEND :) 
ooo
2000039 1
ooo
2000042 2
ooo
2000042 3
ooo
2000042 4
ooo
2000042 5
ooo
2000043 6
ooo
2000043 7
ooo
2000043 8
ooo
2000043 9
ooo
2000043 10
ooo
2000043 11
ooo
2000044 12
ooo
2000045 13
ooo
2000045 14
ooo
2000045 15
ooo
2000045 16
ooo
2000045 17
ooo
2000046 18
ooo
2000046 19
ooo
2000046 20
ooo
2000046 21
ooo
2000046 22
ooo
2000047 23
ooo
2000047 24
ooo
2000047 25
ooo
2000047 26
ooo
2000047 27
ooo
2000047 28
ooo
2000047 29
ooo
2000047 30
ooo
2000048 31
ooo
2000048 32
ooo
2000048 33
ooo
2000048 34
ooo
2000048 35
ooo
2000048 36
ooo
2000048 37
ooo
2000049 38
ooo
2000049 39
ooo
2000049 40
ooo
2000049 41
ooo
2000050 42
ooo
2000050 43
ooo
2000050 44
ooo
2000050 45
ooo
2000050 46
ooo
2000050 47
ooo
2000050 48
ooo
2000050 49
ooo
2000051 50
ooo
2000051 51
ooo
2000051 52
ooo
2000051 53
ooo
2000051 54
ooo
2000051 55
ooo
2000051 56
ooo
2000052 57
ooo
2000052 58
ooo
2000053 59
ooo
2000053 60
ooo
2000053 61
ooo
2000053 62
ooo
2000053 63
ooo
2000053 64
ooo
2000054 65
ooo
2000054 66
ooo
2000054 67
ooo
2000054 68
ooo
2000054 69
ooo
2000054 70
ooo
2000055 71
ooo
2000055 72
ooo
2000055 73
ooo
2000055 74
ooo
2000056 75
ooo
2000056 76
ooo
2000057 77
ooo
2000057 78
ooo
2000057 79
ooo
2000058 80
ooo
2000058 81
ooo
2000058 82
ooo
2000058 83
ooo
2000059 84
ooo
2000059 85
ooo
2000059 86
ooo
2000060 87
ooo
2000060 88
ooo
2000060 89
ooo
2000060 90
ooo
2000061 91
ooo
2000061 92
ooo
2000061 93
ooo
2000061 94
ooo
2000062 95
ooo
2000062 96
ooo
2000062 97
ooo
2000062 98
ooo
2000062 99
ooo
2000062 100
ooo
2000062 101
ooo
2000062 102
ooo
2000062 103
ooo
2000062 104
ooo
2000063 105
ooo
2000063 106
ooo
2000063 107
ooo
2000063 108
ooo
2000063 109
ooo
2000063 110
ooo
2000063 111
ooo
2000064 112
ooo
2000064 113
ooo
2000064 114
ooo
2000064 115
ooo
2000064 116
ooo
2000064 117
ooo
2000064 118
ooo
2000064 119
ooo
2000065 120
ooo
2000065 121
ooo
2000065 122
ooo
2000065 123
ooo
2000065 124
ooo
2000066 125
ooo
2000066 126
ooo
2000066 127
ooo
2000067 128
ooo
2000067 129
ooo
2000067 130
ooo
2000067 131
ooo
2000067 132
ooo
2000067 133
ooo
2000067 134
ooo
2000068 135
ooo
2000068 136
ooo
2000068 137
ooo
2000068 138
ooo
2000068 139
ooo
2000068 140
ooo
2000069 141
ooo
2000069 142
ooo
2000069 143
ooo
2000069 144
ooo
2000069 145
ooo
2000069 146
ooo
2000069 147
ooo
2000069 148
ooo
2000069 149
ooo
2000070 150
ooo
2000070 151
ooo
2000070 152
ooo
2000070 153
ooo
2000070 154
ooo
2000071 155
ooo
2000071 156
ooo
2000071 157
ooo
2000071 158
ooo
2000071 159
ooo
2000071 160
ooo
2000071 161
ooo
2000071 162
ooo
2000071 163
ooo
2000072 164
ooo
2000072 165
ooo
2000072 166
ooo
2000072 167
ooo
2000072 168
ooo
2000072 169
ooo
2000072 170
ooo
2000072 171
ooo
2000072 172
ooo
2000072 173
ooo
2000072 174
ooo
2000073 175
ooo
2000073 176
ooo
2000073 177
ooo
2000073 178
ooo
2000073 179
ooo
2000073 180
ooo
2000073 181
ooo
2000073 182
ooo
2000073 183
ooo
2000074 184
ooo
2000074 185
ooo
2000074 186
ooo
2000074 187
ooo
2000075 188
ooo
2000075 189
ooo
2000075 190
ooo
2000075 191
ooo
2000075 192
ooo
2000076 193
ooo
2000076 194
ooo
2000076 195
ooo
2000076 196
ooo
2000076 197
ooo
2000076 198
ooo
2000076 199
ooo
2000076 200
ooo
2000076 201
ooo
2000077 202
ooo
2000078 203
ooo
2000079 204
ooo
2000079 205
ooo
2000080 206
ooo
2000080 207
ooo
2000080 208
ooo
2000080 209
ooo
2000081 210
ooo
2000082 211
ooo
2000082 212
ooo
2000082 213
ooo
2000083 214
ooo
2000083 215
ooo
2000084 216
ooo
2000084 217
ooo
2000085 218
ooo
2000085 219
ooo
2000085 220
ooo
2000085 221
ooo
2000085 222
ooo
2000085 223
ooo
2000086 224
ooo
2000087 225
ooo
2000088 226
ooo
2000091 227
ooo
2000092 228
ooo
2000092 229
ooo
2000093 230
ooo
2000093 231
ooo
2000093 232
ooo
2000093 233
ooo
2000093 234
ooo
2000093 235
ooo
2000093 236
ooo
2000093 237
ooo
2000093 238
ooo
2000094 239
ooo
2000094 240
ooo
2000094 241
ooo
2000094 242
ooo
2000096 243
ooo
2000098 244
ooo
2000099 245
ooo
2000100 246
ooo
2000101 247
ooo
2000103 248
ooo
2000103 249
ooo
2000104 250
ooo
2000104 251
ooo
2000104 252
ooo
2000104 253
ooo
2000104 254
ooo
2000104 255
ooo
2000105 256
ooo
2000106 257
ooo
2000106 258
ooo
2000106 259
ooo
2000107 260
ooo
2000107 261
ooo
2000107 262
ooo
2000107 263
ooo
2000107 264
ooo
2000107 265
ooo
2000108 266
ooo
2000108 267
ooo
2000108 268
ooo
2000109 269
ooo
2000109 270
ooo
2000110 271
ooo
2000110 272
ooo
2000112 273
ooo
2000113 274
ooo
2000113 275
ooo
2000113 276
ooo
2000114 277
ooo
2000114 278
ooo
2000114 279
ooo
2000116 280
ooo
2000116 281
ooo
2000117 282
ooo
2000117 283
ooo
2000117 284
ooo
2000123 285
ooo
2000125 286
ooo
2000125 287
ooo
2000125 288
ooo
2000126 289
ooo
2000126 290
ooo
2000129 291
ooo
2000129 292
ooo
2000129 293
ooo
2000136 294
ooo
2000137 295
ooo
2000138 296
ooo
2000139 297
ooo
2000139 298
ooo
2000139 299
ooo
2000139 300
ooo
2000142 301
ooo
2000148 302
ooo
2000152 303
ooo
2000152 304
ooo
2000172 305
ooo
2000173 306
ooo
2000173 307
ooo
2000173 308
ooo
2000173 309
ooo
2000448 310
ooo
2000448 311
ooo
2000452 312
ooo
2000488 313
ooo
2000489 314
ooo
2000491 315
ooo
2000493 316
ooo
2000494 317
ooo
2000503 318
ooo
2000507 319
ooo
2000512 320
ooo
2000561 321
ooo
2000561 322
ooo
2000565 323
ooo
2000566 324
ooo
2000566 325
ooo
2000568 326
ooo
2000571 327
ooo
2000571 328
ooo
2000573 329
ooo
2000573 330
ooo
2000576 331
ooo
2000578 332
ooo
2000578 333
ooo
2000579 334
ooo
2000580 335
ooo
2000580 336
ooo
2000581 337
ooo
2000582 338
ooo
2000582 339
ooo
2000583 340
ooo
2000585 341
ooo
2000585 342
ooo
2000585 343
ooo
2000586 344
ooo
2000588 345
ooo
2000590 346
ooo
2000590 347
ooo
2000595 348
ooo
2000608 349
ooo
2000609 350
ooo
2000611 351
ooo
2000613 352
ooo
2000613 353
ooo
2000615 354
ooo
2000621 355
ooo
2000622 356
ooo
2000626 357
ooo
2000626 358
ooo
2000626 359
ooo
2000628 360
ooo
2000629 361
ooo
2000631 362
ooo
2000631 363
ooo
2000633 364
ooo
2000635 365
ooo
2000637 366
ooo
2000638 367
ooo
2000641 368
ooo
2000655 369
ooo
2000658 370
ooo
2000661 371
ooo
2000664 372
ooo
2000668 373
ooo
2000675 374
ooo
2000678 375
ooo
2000680 376
ooo
2000682 377
ooo
2000682 378
ooo
2000684 379
ooo
2000686 380
ooo
2000688 381
ooo
2000699 382
ooo
2000704 383
ooo
2000713 384
ooo
2000721 385
ooo
2000724 386
ooo
2000729 387
ooo
2000729 388
ooo
2000735 389
ooo
2000745 390
ooo
2000751 391
ooo
2000758 392
ooo
2000760 393
ooo
2000763 394
ooo
2000767 395
ooo
2000804 396
ooo
2000824 397
ooo
2000832 398
ooo
2000832 399
ooo
2000837 400
ooo
2000839 401
ooo
2000845 402
ooo
2000886 403
ooo
2000895 404
ooo
2000915 405
ooo
2000920 406
ooo
2000979 407
ooo
2000988 408
ooo
2001016 409
ooo
2001022 410
ooo
2001035 411
ooo
2001041 412
ooo
2001074 413
ooo
2001078 414
ooo
2001079 415
ooo
2001107 416
ooo
2001132 417
ooo
2001138 418
ooo
2001320 419
ooo
2001389 420
ooo
2001395 421
ooo
2001502 422
ooo
2001504 423
ooo
2001506 424
ooo
2001508 425
ooo
2001511 426
ooo
2001608 427
ooo
2001614 428
ooo
2001804 429
ooo
2001811 430
ooo
2001904 431
ooo
2001910 432
ooo
2001971 433
ooo
2001978 434
ooo
2002007 435
ooo
2002013 436
ooo
2002183 437
ooo
2002190 438

*** Simulator is enforced to be finished, finished so far: 129/ total: 129, Time:+2085100000.0ns

------------Letflow History---------------
Number of flowlet's timeout:2125
Letflow's timeout: +2000.0ns
904.978
