Waf: Entering directory `/home/mywang/conweave-ns3/build'
Waf: Leaving directory `/home/mywang/conweave-ns3/build'
'build' finished successfully (0.478s)
TOPOLOGY_FILE			config/leaf_spine_128_100G_OS2.txt
FLOW_FILE			config/random_flow_ring.txt
FLOW_INPUT_FILE			mix/output/156411172/156411172_in.txt
CNP_OUTPUT_FILE			mix/output/156411172/156411172_out_cnp.txt
LETFLOW_OUTPUT_FILE			mix/output/156411172/156411172_out_letflow.txt
REUNION_OUTPUT_FILE			mix/output/156411172/156411172_out_reunion.txt
FCT_OUTPUT_FILE		mix/output/156411172/156411172_out_fct.txt
PFC_OUTPUT_FILE				mix/output/156411172/156411172_out_pfc.txt
QLEN_MON_FILE				mix/output/156411172/156411172_out_qlen.txt
VOQ_MON_FILE				mix/output/156411172/156411172_out_voq.txt
VOQ_MON_DETAIL_FILE				mix/output/156411172/156411172_out_voq_per_dst.txt
UPLINK_MON_FILE				mix/output/156411172/156411172_out_uplink.txt
CONN_MON_FILE				mix/output/156411172/156411172_out_conn.txt
EST_ERROR_MON_FILE			mix/output/156411172/156411172_out_est_error.txt
QLEN_MON_START				2
QLEN_MON_END				2
SW_MONITORING_INTERVAL			10000
FLOWGEN_START_TIME		2
FLOWGEN_STOP_TIME		2.2
BUFFER_SIZE				9
CC_MODE		1
LB_MODE			6
ENABLE_PFC			Yes
ENABLE_IRN		0
CONWEAVE_TX_EXPIRY_TIME			+1000000.0ns
CONWEAVE_REPLY_TIMEOUT_EXTRA			+4000.0ns
CONWEAVE_PATH_PAUSE_TIME			+16000.0ns
CONWEAVE_EXTRA_VOQ_FLUSH_TIME			+64000.0ns
CONWEAVE_DEFAULT_VOQ_WAITING_TIME			+400000.0ns
ALPHA_RESUME_INTERVAL		1
RATE_DECREASE_INTERVAL		4
CLAMP_TARGET_RATE		No
RP_TIMER			300
FAST_RECOVERY_TIMES		1
EWMA_GAIN			0.00390625
RATE_AI				40.0Mb/s
RATE_HAI			100.0Mb/s
MIN_RATE		100Mb/s
DCTCP_RATE_AI				1000Mb/s
ERROR_RATE_PER_LINK		0
L2_CHUNK_SIZE			4000
L2_ACK_INTERVAL			1
L2_BACK_TO_ZERO			No
RATE_BOUND		1
HAS_WIN		0
VAR_WIN		0
FAST_REACT		0
MI_THRESH		0
INT_MULTI				1
GLOBAL_T		1
U_TARGET		0.95
MULTI_RATE				0
SAMPLE_FEEDBACK				0
ENABLE_QCN			Yes
USE_DYNAMIC_PFC_THRESHOLD	Yes
PACKET_PAYLOAD_SIZE		1000
LINK_DOWN				0 0 0
KMAX_MAP				 20000000000 400 50000000000 400 100000000000 400 200000000000 400 250000000000 400 400000000000 400
KMIN_MAP				 20000000000 100 50000000000 100 100000000000 100 200000000000 100 250000000000 100 400000000000 100
PMAX_MAP				 20000000000 0 50000000000 0 100000000000 0.2 200000000000 0.2 250000000000 0.2 400000000000 0.2
LOAD			40
RANDOM_SEED			1
LETFLOW_TIMEOUT			1000
PARALET_ON			0
PARALET_ON			0
(AVG) NIC RATE: 100000000000
node_num=144
maxRtt: 8320, maxBdp: 104000
Configuring switches
------------------------------------------
Running Simulation.
*** input flow is over the prefixed number -- flow number : 129
*** flow_input.idx : 129
*** THIS IS THE LAST FLOW TO SEND :) 
ooo
2000034 1
ooo
2000036 2
ooo
2000036 3
ooo
2000037 4
ooo
2000037 5
ooo
2000037 6
ooo
2000037 7
ooo
2000037 8
ooo
2000037 9
ooo
2000037 10
ooo
2000038 11
ooo
2000038 12
ooo
2000038 13
ooo
2000038 14
ooo
2000038 15
ooo
2000039 16
ooo
2000039 17
ooo
2000039 18
ooo
2000039 19
ooo
2000039 20
ooo
2000039 21
ooo
2000040 22
ooo
2000040 23
ooo
2000040 24
ooo
2000040 25
ooo
2000040 26
ooo
2000040 27
ooo
2000040 28
ooo
2000040 29
ooo
2000041 30
ooo
2000041 31
ooo
2000041 32
ooo
2000041 33
ooo
2000041 34
ooo
2000041 35
ooo
2000041 36
ooo
2000041 37
ooo
2000041 38
ooo
2000042 39
ooo
2000042 40
ooo
2000042 41
ooo
2000042 42
ooo
2000042 43
ooo
2000042 44
ooo
2000042 45
ooo
2000042 46
ooo
2000042 47
ooo
2000043 48
ooo
2000043 49
ooo
2000043 50
ooo
2000043 51
ooo
2000043 52
ooo
2000043 53
ooo
2000043 54
ooo
2000043 55
ooo
2000044 56
ooo
2000044 57
ooo
2000044 58
ooo
2000044 59
ooo
2000044 60
ooo
2000044 61
ooo
2000044 62
ooo
2000044 63
ooo
2000045 64
ooo
2000045 65
ooo
2000045 66
ooo
2000045 67
ooo
2000045 68
ooo
2000045 69
ooo
2000045 70
ooo
2000045 71
ooo
2000045 72
ooo
2000046 73
ooo
2000046 74
ooo
2000046 75
ooo
2000046 76
ooo
2000046 77
ooo
2000046 78
ooo
2000046 79
ooo
2000046 80
ooo
2000046 81
ooo
2000046 82
ooo
2000047 83
ooo
2000047 84
ooo
2000047 85
ooo
2000047 86
ooo
2000047 87
ooo
2000047 88
ooo
2000047 89
ooo
2000047 90
ooo
2000047 91
ooo
2000047 92
ooo
2000048 93
ooo
2000048 94
ooo
2000048 95
ooo
2000048 96
ooo
2000048 97
ooo
2000048 98
ooo
2000048 99
ooo
2000049 100
ooo
2000049 101
ooo
2000049 102
ooo
2000049 103
ooo
2000049 104
ooo
2000049 105
ooo
2000049 106
ooo
2000049 107
ooo
2000049 108
ooo
2000049 109
ooo
2000049 110
ooo
2000049 111
ooo
2000049 112
ooo
2000050 113
ooo
2000050 114
ooo
2000050 115
ooo
2000050 116
ooo
2000050 117
ooo
2000050 118
ooo
2000050 119
ooo
2000050 120
ooo
2000051 121
ooo
2000051 122
ooo
2000051 123
ooo
2000051 124
ooo
2000051 125
ooo
2000051 126
ooo
2000051 127
ooo
2000051 128
ooo
2000051 129
ooo
2000051 130
ooo
2000051 131
ooo
2000051 132
ooo
2000051 133
ooo
2000052 134
ooo
2000052 135
ooo
2000052 136
ooo
2000052 137
ooo
2000052 138
ooo
2000053 139
ooo
2000053 140
ooo
2000053 141
ooo
2000053 142
ooo
2000053 143
ooo
2000053 144
ooo
2000053 145
ooo
2000053 146
ooo
2000053 147
ooo
2000053 148
ooo
2000053 149
ooo
2000054 150
ooo
2000054 151
ooo
2000054 152
ooo
2000054 153
ooo
2000054 154
ooo
2000054 155
ooo
2000054 156
ooo
2000054 157
ooo
2000054 158
ooo
2000055 159
ooo
2000055 160
ooo
2000055 161
ooo
2000055 162
ooo
2000055 163
ooo
2000055 164
ooo
2000055 165
ooo
2000056 166
ooo
2000056 167
ooo
2000056 168
ooo
2000056 169
ooo
2000056 170
ooo
2000056 171
ooo
2000056 172
ooo
2000057 173
ooo
2000057 174
ooo
2000057 175
ooo
2000057 176
ooo
2000057 177
ooo
2000057 178
ooo
2000057 179
ooo
2000057 180
ooo
2000057 181
ooo
2000058 182
ooo
2000058 183
ooo
2000058 184
ooo
2000058 185
ooo
2000058 186
ooo
2000058 187
ooo
2000058 188
ooo
2000058 189
ooo
2000059 190
ooo
2000059 191
ooo
2000059 192
ooo
2000059 193
ooo
2000060 194
ooo
2000060 195
ooo
2000060 196
ooo
2000060 197
ooo
2000060 198
ooo
2000060 199
ooo
2000060 200
ooo
2000060 201
ooo
2000061 202
ooo
2000061 203
ooo
2000061 204
ooo
2000061 205
ooo
2000061 206
ooo
2000061 207
ooo
2000062 208
ooo
2000062 209
ooo
2000062 210
ooo
2000062 211
ooo
2000062 212
ooo
2000063 213
ooo
2000063 214
ooo
2000063 215
ooo
2000063 216
ooo
2000063 217
ooo
2000063 218
ooo
2000063 219
ooo
2000063 220
ooo
2000063 221
ooo
2000063 222
ooo
2000063 223
ooo
2000063 224
ooo
2000063 225
ooo
2000063 226
ooo
2000063 227
ooo
2000064 228
ooo
2000064 229
ooo
2000064 230
ooo
2000064 231
ooo
2000064 232
ooo
2000064 233
ooo
2000064 234
ooo
2000064 235
ooo
2000064 236
ooo
2000064 237
ooo
2000064 238
ooo
2000064 239
ooo
2000064 240
ooo
2000064 241
ooo
2000064 242
ooo
2000065 243
ooo
2000065 244
ooo
2000065 245
ooo
2000065 246
ooo
2000065 247
ooo
2000065 248
ooo
2000066 249
ooo
2000066 250
ooo
2000066 251
ooo
2000066 252
ooo
2000066 253
ooo
2000066 254
ooo
2000066 255
ooo
2000066 256
ooo
2000066 257
ooo
2000067 258
ooo
2000067 259
ooo
2000067 260
ooo
2000067 261
ooo
2000067 262
ooo
2000067 263
ooo
2000067 264
ooo
2000067 265
ooo
2000067 266
ooo
2000067 267
ooo
2000068 268
ooo
2000068 269
ooo
2000068 270
ooo
2000068 271
ooo
2000068 272
ooo
2000068 273
ooo
2000068 274
ooo
2000068 275
ooo
2000068 276
ooo
2000068 277
ooo
2000068 278
ooo
2000068 279
ooo
2000068 280
ooo
2000068 281
ooo
2000068 282
ooo
2000068 283
ooo
2000068 284
ooo
2000069 285
ooo
2000069 286
ooo
2000069 287
ooo
2000069 288
ooo
2000069 289
ooo
2000069 290
ooo
2000069 291
ooo
2000069 292
ooo
2000069 293
ooo
2000069 294
ooo
2000069 295
ooo
2000069 296
ooo
2000069 297
ooo
2000069 298
ooo
2000069 299
ooo
2000069 300
ooo
2000069 301
ooo
2000069 302
ooo
2000070 303
ooo
2000070 304
ooo
2000070 305
ooo
2000070 306
ooo
2000070 307
ooo
2000070 308
ooo
2000070 309
ooo
2000070 310
ooo
2000070 311
ooo
2000070 312
ooo
2000071 313
ooo
2000071 314
ooo
2000071 315
ooo
2000071 316
ooo
2000071 317
ooo
2000071 318
ooo
2000071 319
ooo
2000071 320
ooo
2000071 321
ooo
2000071 322
ooo
2000071 323
ooo
2000071 324
ooo
2000071 325
ooo
2000071 326
ooo
2000071 327
ooo
2000071 328
ooo
2000071 329
ooo
2000071 330
ooo
2000071 331
ooo
2000071 332
ooo
2000072 333
ooo
2000072 334
ooo
2000072 335
ooo
2000072 336
ooo
2000072 337
ooo
2000072 338
ooo
2000072 339
ooo
2000072 340
ooo
2000072 341
ooo
2000072 342
ooo
2000072 343
ooo
2000072 344
ooo
2000073 345
ooo
2000073 346
ooo
2000073 347
ooo
2000073 348
ooo
2000073 349
ooo
2000073 350
ooo
2000073 351
ooo
2000074 352
ooo
2000074 353
ooo
2000074 354
ooo
2000074 355
ooo
2000074 356
ooo
2000075 357
ooo
2000075 358
ooo
2000075 359
ooo
2000075 360
ooo
2000075 361
ooo
2000075 362
ooo
2000075 363
ooo
2000076 364
ooo
2000076 365
ooo
2000076 366
ooo
2000076 367
ooo
2000076 368
ooo
2000076 369
ooo
2000077 370
ooo
2000077 371
ooo
2000077 372
ooo
2000077 373
ooo
2000078 374
ooo
2000078 375
ooo
2000079 376
ooo
2000079 377
ooo
2000080 378
ooo
2000080 379
ooo
2000080 380
ooo
2000080 381
ooo
2000081 382
ooo
2000081 383
ooo
2000081 384
ooo
2000082 385
ooo
2000082 386
ooo
2000082 387
ooo
2000083 388
ooo
2000083 389
ooo
2000083 390
ooo
2000083 391
ooo
2000083 392
ooo
2000083 393
ooo
2000083 394
ooo
2000083 395
ooo
2000084 396
ooo
2000084 397
ooo
2000084 398
ooo
2000084 399
ooo
2000084 400
ooo
2000084 401
ooo
2000084 402
ooo
2000085 403
ooo
2000085 404
ooo
2000085 405
ooo
2000085 406
ooo
2000085 407
ooo
2000085 408
ooo
2000086 409
ooo
2000086 410
ooo
2000087 411
ooo
2000087 412
ooo
2000087 413
ooo
2000087 414
ooo
2000087 415
ooo
2000088 416
ooo
2000088 417
ooo
2000089 418
ooo
2000089 419
ooo
2000090 420
ooo
2000090 421
ooo
2000091 422
ooo
2000091 423
ooo
2000091 424
ooo
2000092 425
ooo
2000092 426
ooo
2000092 427
ooo
2000092 428
ooo
2000093 429
ooo
2000093 430
ooo
2000093 431
ooo
2000093 432
ooo
2000093 433
ooo
2000093 434
ooo
2000093 435
ooo
2000093 436
ooo
2000093 437
ooo
2000093 438
ooo
2000093 439
ooo
2000093 440
ooo
2000093 441
ooo
2000094 442
ooo
2000096 443
ooo
2000096 444
ooo
2000096 445
ooo
2000098 446
ooo
2000098 447
ooo
2000098 448
ooo
2000099 449
ooo
2000099 450
ooo
2000099 451
ooo
2000100 452
ooo
2000100 453
ooo
2000102 454
ooo
2000103 455
ooo
2000103 456
ooo
2000103 457
ooo
2000103 458
ooo
2000103 459
ooo
2000103 460
ooo
2000105 461
ooo
2000105 462
ooo
2000106 463
ooo
2000106 464
ooo
2000106 465
ooo
2000106 466
ooo
2000106 467
ooo
2000107 468
ooo
2000107 469
ooo
2000107 470
ooo
2000108 471
ooo
2000109 472
ooo
2000109 473
ooo
2000109 474
ooo
2000109 475
ooo
2000109 476
ooo
2000109 477
ooo
2000109 478
ooo
2000109 479
ooo
2000110 480
ooo
2000110 481
ooo
2000110 482
ooo
2000111 483
ooo
2000111 484
ooo
2000111 485
ooo
2000112 486
ooo
2000113 487
ooo
2000113 488
ooo
2000113 489
ooo
2000113 490
ooo
2000113 491
ooo
2000113 492
ooo
2000113 493
ooo
2000113 494
ooo
2000114 495
ooo
2000114 496
ooo
2000114 497
ooo
2000114 498
ooo
2000114 499
ooo
2000114 500
ooo
2000114 501
ooo
2000115 502
ooo
2000115 503
ooo
2000115 504
ooo
2000116 505
ooo
2000116 506
ooo
2000116 507
ooo
2000116 508
ooo
2000116 509
ooo
2000116 510
ooo
2000116 511
ooo
2000116 512
ooo
2000116 513
ooo
2000117 514
ooo
2000117 515
ooo
2000121 516
ooo
2000122 517
ooo
2000123 518
ooo
2000123 519
ooo
2000124 520
ooo
2000124 521
ooo
2000124 522
ooo
2000124 523
ooo
2000124 524
ooo
2000124 525
ooo
2000125 526
ooo
2000125 527
ooo
2000125 528
ooo
2000125 529
ooo
2000125 530
ooo
2000128 531
ooo
2000128 532
ooo
2000128 533
ooo
2000131 534
ooo
2000136 535
ooo
2000136 536
ooo
2000136 537
ooo
2000136 538
ooo
2000137 539
ooo
2000138 540
ooo
2000138 541
ooo
2000138 542
ooo
2000138 543
ooo
2000138 544
ooo
2000138 545
ooo
2000138 546
ooo
2000138 547
ooo
2000139 548
ooo
2000139 549
ooo
2000140 550
ooo
2000141 551
ooo
2000146 552
ooo
2000148 553
ooo
2000151 554
ooo
2000164 555
ooo
2000165 556
ooo
2000165 557
ooo
2000165 558
ooo
2000170 559
ooo
2000171 560
ooo
2000171 561
ooo
2000171 562
ooo
2000171 563
ooo
2000475 564
ooo
2000476 565
ooo
2000478 566
ooo
2000479 567
ooo
2000481 568
ooo
2000482 569
ooo
2000482 570
ooo
2000484 571
ooo
2000485 572
ooo
2000486 573
ooo
2000487 574
ooo
2000488 575
ooo
2000495 576
ooo
2000496 577
ooo
2000498 578
ooo
2000500 579
ooo
2000503 580
ooo
2000507 581
ooo
2000517 582
ooo
2000520 583
ooo
2000521 584
ooo
2000523 585
ooo
2000523 586
ooo
2000523 587
ooo
2000523 588
ooo
2000524 589
ooo
2000525 590
ooo
2000525 591
ooo
2000525 592
ooo
2000526 593
ooo
2000526 594
ooo
2000526 595
ooo
2000527 596
ooo
2000527 597
ooo
2000527 598
ooo
2000528 599
ooo
2000528 600
ooo
2000529 601
ooo
2000529 602
ooo
2000530 603
ooo
2000531 604
ooo
2000531 605
ooo
2000531 606
ooo
2000531 607
ooo
2000532 608
ooo
2000532 609
ooo
2000532 610
ooo
2000532 611
ooo
2000533 612
ooo
2000534 613
ooo
2000536 614
ooo
2000536 615
ooo
2000537 616
ooo
2000537 617
ooo
2000538 618
ooo
2000539 619
ooo
2000539 620
ooo
2000540 621
ooo
2000541 622
ooo
2000541 623
ooo
2000542 624
ooo
2000544 625
ooo
2000544 626
ooo
2000545 627
ooo
2000545 628
ooo
2000546 629
ooo
2000546 630
ooo
2000547 631
ooo
2000548 632
ooo
2000548 633
ooo
2000550 634
ooo
2000550 635
ooo
2000551 636
ooo
2000551 637
ooo
2000551 638
ooo
2000551 639
ooo
2000552 640
ooo
2000552 641
ooo
2000552 642
ooo
2000552 643
ooo
2000553 644
ooo
2000553 645
ooo
2000553 646
ooo
2000554 647
ooo
2000555 648
ooo
2000555 649
ooo
2000555 650
ooo
2000555 651
ooo
2000556 652
ooo
2000556 653
ooo
2000556 654
ooo
2000556 655
ooo
2000557 656
ooo
2000557 657
ooo
2000558 658
ooo
2000559 659
ooo
2000559 660
ooo
2000559 661
ooo
2000559 662
ooo
2000560 663
ooo
2000560 664
ooo
2000560 665
ooo
2000561 666
ooo
2000561 667
ooo
2000561 668
ooo
2000562 669
ooo
2000562 670
ooo
2000562 671
ooo
2000563 672
ooo
2000563 673
ooo
2000563 674
ooo
2000563 675
ooo
2000563 676
ooo
2000564 677
ooo
2000564 678
ooo
2000564 679
ooo
2000564 680
ooo
2000564 681
ooo
2000564 682
ooo
2000565 683
ooo
2000565 684
ooo
2000565 685
ooo
2000565 686
ooo
2000565 687
ooo
2000565 688
ooo
2000566 689
ooo
2000567 690
ooo
2000567 691
ooo
2000567 692
ooo
2000568 693
ooo
2000568 694
ooo
2000568 695
ooo
2000568 696
ooo
2000568 697
ooo
2000569 698
ooo
2000569 699
ooo
2000570 700
ooo
2000570 701
ooo
2000570 702
ooo
2000570 703
ooo
2000571 704
ooo
2000571 705
ooo
2000571 706
ooo
2000572 707
ooo
2000572 708
ooo
2000573 709
ooo
2000573 710
ooo
2000573 711
ooo
2000574 712
ooo
2000574 713
ooo
2000575 714
ooo
2000575 715
ooo
2000575 716
ooo
2000576 717
ooo
2000576 718
ooo
2000576 719
ooo
2000576 720
ooo
2000577 721
ooo
2000577 722
ooo
2000577 723
ooo
2000577 724
ooo
2000577 725
ooo
2000577 726
ooo
2000577 727
ooo
2000578 728
ooo
2000578 729
ooo
2000578 730
ooo
2000578 731
ooo
2000578 732
ooo
2000579 733
ooo
2000579 734
ooo
2000579 735
ooo
2000579 736
ooo
2000579 737
ooo
2000579 738
ooo
2000580 739
ooo
2000580 740
ooo
2000580 741
ooo
2000580 742
ooo
2000580 743
ooo
2000581 744
ooo
2000581 745
ooo
2000581 746
ooo
2000581 747
ooo
2000581 748
ooo
2000581 749
ooo
2000581 750
ooo
2000581 751
ooo
2000581 752
ooo
2000582 753
ooo
2000582 754
ooo
2000582 755
ooo
2000582 756
ooo
2000582 757
ooo
2000582 758
ooo
2000582 759
ooo
2000582 760
ooo
2000582 761
ooo
2000583 762
ooo
2000583 763
ooo
2000583 764
ooo
2000583 765
ooo
2000583 766
ooo
2000583 767
ooo
2000584 768
ooo
2000584 769
ooo
2000584 770
ooo
2000584 771
ooo
2000585 772
ooo
2000585 773
ooo
2000585 774
ooo
2000586 775
ooo
2000586 776
ooo
2000586 777
ooo
2000586 778
ooo
2000586 779
ooo
2000586 780
ooo
2000586 781
ooo
2000587 782
ooo
2000587 783
ooo
2000587 784
ooo
2000587 785
ooo
2000587 786
ooo
2000587 787
ooo
2000587 788
ooo
2000588 789
ooo
2000588 790
ooo
2000588 791
ooo
2000588 792
ooo
2000588 793
ooo
2000588 794
ooo
2000589 795
ooo
2000589 796
ooo
2000589 797
ooo
2000589 798
ooo
2000589 799
ooo
2000589 800
ooo
2000590 801
ooo
2000590 802
ooo
2000590 803
ooo
2000590 804
ooo
2000590 805
ooo
2000590 806
ooo
2000591 807
ooo
2000591 808
ooo
2000591 809
ooo
2000591 810
ooo
2000591 811
ooo
2000591 812
ooo
2000591 813
ooo
2000591 814
ooo
2000591 815
ooo
2000591 816
ooo
2000592 817
ooo
2000592 818
ooo
2000592 819
ooo
2000592 820
ooo
2000592 821
ooo
2000592 822
ooo
2000593 823
ooo
2000593 824
ooo
2000593 825
ooo
2000593 826
ooo
2000593 827
ooo
2000593 828
ooo
2000593 829
ooo
2000593 830
ooo
2000594 831
ooo
2000594 832
ooo
2000594 833
ooo
2000594 834
ooo
2000594 835
ooo
2000594 836
ooo
2000594 837
ooo
2000594 838
ooo
2000594 839
ooo
2000595 840
ooo
2000595 841
ooo
2000595 842
ooo
2000595 843
ooo
2000596 844
ooo
2000596 845
ooo
2000596 846
ooo
2000596 847
ooo
2000596 848
ooo
2000597 849
ooo
2000597 850
ooo
2000597 851
ooo
2000597 852
ooo
2000597 853
ooo
2000597 854
ooo
2000597 855
ooo
2000598 856
ooo
2000598 857
ooo
2000598 858
ooo
2000598 859
ooo
2000599 860
ooo
2000599 861
ooo
2000599 862
ooo
2000599 863
ooo
2000599 864
ooo
2000599 865
ooo
2000599 866
ooo
2000600 867
ooo
2000600 868
ooo
2000600 869
ooo
2000600 870
ooo
2000600 871
ooo
2000600 872
ooo
2000600 873
ooo
2000600 874
ooo
2000600 875
ooo
2000601 876
ooo
2000601 877
ooo
2000601 878
ooo
2000601 879
ooo
2000601 880
ooo
2000601 881
ooo
2000601 882
ooo
2000602 883
ooo
2000602 884
ooo
2000602 885
ooo
2000602 886
ooo
2000602 887
ooo
2000602 888
ooo
2000602 889
ooo
2000602 890
ooo
2000602 891
ooo
2000602 892
ooo
2000603 893
ooo
2000603 894
ooo
2000603 895
ooo
2000603 896
ooo
2000603 897
ooo
2000603 898
ooo
2000604 899
ooo
2000604 900
ooo
2000604 901
ooo
2000604 902
ooo
2000604 903
ooo
2000605 904
ooo
2000605 905
ooo
2000605 906
ooo
2000605 907
ooo
2000605 908
ooo
2000605 909
ooo
2000605 910
ooo
2000605 911
ooo
2000606 912
ooo
2000606 913
ooo
2000606 914
ooo
2000606 915
ooo
2000606 916
ooo
2000606 917
ooo
2000606 918
ooo
2000606 919
ooo
2000606 920
ooo
2000606 921
ooo
2000607 922
ooo
2000607 923
ooo
2000607 924
ooo
2000607 925
ooo
2000607 926
ooo
2000608 927
ooo
2000608 928
ooo
2000608 929
ooo
2000608 930
ooo
2000608 931
ooo
2000608 932
ooo
2000608 933
ooo
2000608 934
ooo
2000609 935
ooo
2000609 936
ooo
2000609 937
ooo
2000609 938
ooo
2000609 939
ooo
2000609 940
ooo
2000609 941
ooo
2000610 942
ooo
2000610 943
ooo
2000610 944
ooo
2000610 945
ooo
2000611 946
ooo
2000611 947
ooo
2000611 948
ooo
2000611 949
ooo
2000611 950
ooo
2000611 951
ooo
2000611 952
ooo
2000611 953
ooo
2000612 954
ooo
2000612 955
ooo
2000612 956
ooo
2000612 957
ooo
2000612 958
ooo
2000613 959
ooo
2000613 960
ooo
2000613 961
ooo
2000613 962
ooo
2000613 963
ooo
2000613 964
ooo
2000614 965
ooo
2000614 966
ooo
2000614 967
ooo
2000614 968
ooo
2000614 969
ooo
2000614 970
ooo
2000614 971
ooo
2000614 972
ooo
2000614 973
ooo
2000614 974
ooo
2000614 975
ooo
2000614 976
ooo
2000615 977
ooo
2000615 978
ooo
2000615 979
ooo
2000615 980
ooo
2000615 981
ooo
2000615 982
ooo
2000615 983
ooo
2000616 984
ooo
2000616 985
ooo
2000616 986
ooo
2000616 987
ooo
2000616 988
ooo
2000616 989
ooo
2000616 990
ooo
2000617 991
ooo
2000617 992
ooo
2000617 993
ooo
2000617 994
ooo
2000617 995
ooo
2000617 996
ooo
2000618 997
ooo
2000618 998
ooo
2000618 999
ooo
2000618 1000
ooo
2000618 1001
ooo
2000618 1002
ooo
2000619 1003
ooo
2000619 1004
ooo
2000619 1005
ooo
2000620 1006
ooo
2000620 1007
ooo
2000620 1008
ooo
2000620 1009
ooo
2000620 1010
ooo
2000621 1011
ooo
2000621 1012
ooo
2000621 1013
ooo
2000621 1014
ooo
2000621 1015
ooo
2000622 1016
ooo
2000622 1017
ooo
2000622 1018
ooo
2000622 1019
ooo
2000622 1020
ooo
2000623 1021
ooo
2000623 1022
ooo
2000623 1023
ooo
2000624 1024
ooo
2000624 1025
ooo
2000625 1026
ooo
2000625 1027
ooo
2000625 1028
ooo
2000625 1029
ooo
2000626 1030
ooo
2000626 1031
ooo
2000626 1032
ooo
2000626 1033
ooo
2000628 1034
ooo
2000628 1035
ooo
2000629 1036
ooo
2000629 1037
ooo
2000629 1038
ooo
2000630 1039
ooo
2000631 1040
ooo
2000631 1041
ooo
2000631 1042
ooo
2000631 1043
ooo
2000632 1044
ooo
2000632 1045
ooo
2000633 1046
ooo
2000633 1047
ooo
2000633 1048
ooo
2000633 1049
ooo
2000634 1050
ooo
2000634 1051
ooo
2000634 1052
ooo
2000634 1053
ooo
2000634 1054
ooo
2000635 1055
ooo
2000635 1056
ooo
2000635 1057
ooo
2000635 1058
ooo
2000635 1059
ooo
2000636 1060
ooo
2000636 1061
ooo
2000636 1062
ooo
2000637 1063
ooo
2000637 1064
ooo
2000638 1065
ooo
2000638 1066
ooo
2000638 1067
ooo
2000639 1068
ooo
2000640 1069
ooo
2000640 1070
ooo
2000640 1071
ooo
2000640 1072
ooo
2000641 1073
ooo
2000642 1074
ooo
2000642 1075
ooo
2000642 1076
ooo
2000642 1077
ooo
2000643 1078
ooo
2000643 1079
ooo
2000644 1080
ooo
2000645 1081
ooo
2000645 1082
ooo
2000646 1083
ooo
2000646 1084
ooo
2000646 1085
ooo
2000647 1086
ooo
2000647 1087
ooo
2000647 1088
ooo
2000648 1089
ooo
2000648 1090
ooo
2000648 1091
ooo
2000649 1092
ooo
2000649 1093
ooo
2000650 1094
ooo
2000650 1095
ooo
2000650 1096
ooo
2000650 1097
ooo
2000651 1098
ooo
2000651 1099
ooo
2000651 1100
ooo
2000652 1101
ooo
2000652 1102
ooo
2000652 1103
ooo
2000652 1104
ooo
2000653 1105
ooo
2000653 1106
ooo
2000653 1107
ooo
2000653 1108
ooo
2000653 1109
ooo
2000653 1110
ooo
2000653 1111
ooo
2000654 1112
ooo
2000654 1113
ooo
2000655 1114
ooo
2000655 1115
ooo
2000655 1116
ooo
2000655 1117
ooo
2000655 1118
ooo
2000655 1119
ooo
2000655 1120
ooo
2000656 1121
ooo
2000656 1122
ooo
2000657 1123
ooo
2000657 1124
ooo
2000658 1125
ooo
2000659 1126
ooo
2000659 1127
ooo
2000659 1128
ooo
2000659 1129
ooo
2000659 1130
ooo
2000659 1131
ooo
2000659 1132
ooo
2000660 1133
ooo
2000662 1134
ooo
2000662 1135
ooo
2000662 1136
ooo
2000662 1137
ooo
2000663 1138
ooo
2000663 1139
ooo
2000663 1140
ooo
2000664 1141
ooo
2000664 1142
ooo
2000665 1143
ooo
2000665 1144
ooo
2000665 1145
ooo
2000666 1146
ooo
2000666 1147
ooo
2000666 1148
ooo
2000666 1149
ooo
2000667 1150
ooo
2000668 1151
ooo
2000668 1152
ooo
2000669 1153
ooo
2000669 1154
ooo
2000669 1155
ooo
2000671 1156
ooo
2000672 1157
ooo
2000672 1158
ooo
2000673 1159
ooo
2000673 1160
ooo
2000674 1161
ooo
2000676 1162
ooo
2000677 1163
ooo
2000677 1164
ooo
2000678 1165
ooo
2000678 1166
ooo
2000679 1167
ooo
2000680 1168
ooo
2000680 1169
ooo
2000681 1170
ooo
2000681 1171
ooo
2000682 1172
ooo
2000683 1173
ooo
2000683 1174
ooo
2000683 1175
ooo
2000685 1176
ooo
2000686 1177
ooo
2000687 1178
ooo
2000687 1179
ooo
2000688 1180
ooo
2000691 1181
ooo
2000691 1182
ooo
2000692 1183
ooo
2000693 1184
ooo
2000694 1185
ooo
2000696 1186
ooo
2000696 1187
ooo
2000698 1188
ooo
2000698 1189
ooo
2000700 1190
ooo
2000700 1191
ooo
2000701 1192
ooo
2000702 1193
ooo
2000703 1194
ooo
2000704 1195
ooo
2000704 1196
ooo
2000704 1197
ooo
2000705 1198
ooo
2000705 1199
ooo
2000707 1200
ooo
2000707 1201
ooo
2000707 1202
ooo
2000708 1203
ooo
2000708 1204
ooo
2000709 1205
ooo
2000709 1206
ooo
2000710 1207
ooo
2000711 1208
ooo
2000711 1209
ooo
2000712 1210
ooo
2000712 1211
ooo
2000714 1212
ooo
2000716 1213
ooo
2000717 1214
ooo
2000719 1215
ooo
2000719 1216
ooo
2000722 1217
ooo
2000722 1218
ooo
2000725 1219
ooo
2000726 1220
ooo
2000726 1221
ooo
2000727 1222
ooo
2000730 1223
ooo
2000730 1224
ooo
2000731 1225
ooo
2000732 1226
ooo
2000733 1227
ooo
2000734 1228
ooo
2000736 1229
ooo
2000736 1230
ooo
2000737 1231
ooo
2000737 1232
ooo
2000739 1233
ooo
2000740 1234
ooo
2000743 1235
ooo
2000743 1236
ooo
2000746 1237
ooo
2000746 1238
ooo
2000748 1239
ooo
2000748 1240
ooo
2000750 1241
ooo
2000751 1242
ooo
2000752 1243
ooo
2000753 1244
ooo
2000756 1245
ooo
2000756 1246
ooo
2000758 1247
ooo
2000760 1248
ooo
2000761 1249
ooo
2000762 1250
ooo
2000764 1251
ooo
2000765 1252
ooo
2000765 1253
ooo
2000766 1254
ooo
2000768 1255
ooo
2000769 1256
ooo
2000769 1257
ooo
2000769 1258
ooo
2000771 1259
ooo
2000772 1260
ooo
2000772 1261
ooo
2000772 1262
ooo
2000775 1263
ooo
2000776 1264
ooo
2000776 1265
ooo
2000777 1266
ooo
2000777 1267
ooo
2000777 1268
ooo
2000780 1269
ooo
2000780 1270
ooo
2000784 1271
ooo
2000785 1272
ooo
2000786 1273
ooo
2000789 1274
ooo
2000792 1275
ooo
2000792 1276
ooo
2000796 1277
ooo
2000814 1278
ooo
2000815 1279
ooo
2000819 1280
ooo
2000820 1281
ooo
2000823 1282
ooo
2000825 1283
ooo
2000825 1284
ooo
2000827 1285
ooo
2000827 1286
ooo
2000828 1287
ooo
2000829 1288
ooo
2000830 1289
ooo
2000830 1290
ooo
2000830 1291
ooo
2000833 1292
ooo
2000833 1293
ooo
2000833 1294
ooo
2000834 1295
ooo
2000835 1296
ooo
2000835 1297
ooo
2000837 1298
ooo
2000840 1299
ooo
2000840 1300
ooo
2000841 1301
ooo
2000846 1302
ooo
2000852 1303
ooo
2000855 1304
ooo
2000858 1305
ooo
2000865 1306
ooo
2000869 1307
ooo
2000879 1308
ooo
2000882 1309
ooo
2000886 1310
ooo
2000887 1311
ooo
2000888 1312
ooo
2000888 1313
ooo
2000889 1314
ooo
2000890 1315
ooo
2000891 1316
ooo
2000892 1317
ooo
2000892 1318
ooo
2000893 1319
ooo
2000894 1320
ooo
2000894 1321
ooo
2000895 1322
ooo
2000896 1323
ooo
2000898 1324
ooo
2000899 1325
ooo
2000902 1326
ooo
2000908 1327
ooo
2000911 1328
ooo
2000912 1329
ooo
2000912 1330
ooo
2000912 1331
ooo
2000912 1332
ooo
2000914 1333
ooo
2000914 1334
ooo
2000916 1335
ooo
2000916 1336
ooo
2000916 1337
ooo
2000917 1338
ooo
2000918 1339
ooo
2000919 1340
ooo
2000920 1341
ooo
2000920 1342
ooo
2000921 1343
ooo
2000921 1344
ooo
2000923 1345
ooo
2000925 1346
ooo
2000927 1347
ooo
2000929 1348
ooo
2000934 1349
ooo
2000934 1350
ooo
2000936 1351
ooo
2000936 1352
ooo
2000936 1353
ooo
2000938 1354
ooo
2000938 1355
ooo
2000939 1356
ooo
2000939 1357
ooo
2000939 1358
ooo
2000940 1359
ooo
2000941 1360
ooo
2000941 1361
ooo
2000943 1362
ooo
2000943 1363
ooo
2000944 1364
ooo
2000944 1365
ooo
2000946 1366
ooo
2000946 1367
ooo
2000949 1368
ooo
2000951 1369
ooo
2000952 1370
ooo
2000954 1371
ooo
2000957 1372
ooo
2000960 1373
ooo
2000962 1374
ooo
2000963 1375
ooo
2000966 1376
ooo
2000968 1377
ooo
2000971 1378
ooo
2000971 1379
ooo
2000972 1380
ooo
2000972 1381
ooo
2000973 1382
ooo
2000976 1383
ooo
2000978 1384
ooo
2000978 1385
ooo
2000981 1386
ooo
2000981 1387
ooo
2000982 1388
ooo
2000983 1389
ooo
2000984 1390
ooo
2000984 1391
ooo
2000984 1392
ooo
2000986 1393
ooo
2000986 1394
ooo
2000989 1395
ooo
2000990 1396
ooo
2000990 1397
ooo
2000991 1398
ooo
2000991 1399
ooo
2000992 1400
ooo
2000993 1401
ooo
2000994 1402
ooo
2000996 1403
ooo
2000996 1404
ooo
2000996 1405
ooo
2000997 1406
ooo
2000997 1407
ooo
2000999 1408
ooo
2001000 1409
ooo
2001001 1410
ooo
2001002 1411
ooo
2001003 1412
ooo
2001003 1413
ooo
2001004 1414
ooo
2001004 1415
ooo
2001005 1416
ooo
2001008 1417
ooo
2001009 1418
ooo
2001010 1419
ooo
2001013 1420
ooo
2001014 1421
ooo
2001015 1422
ooo
2001017 1423
ooo
2001017 1424
ooo
2001017 1425
ooo
2001019 1426
ooo
2001019 1427
ooo
2001020 1428
ooo
2001022 1429
ooo
2001022 1430
ooo
2001024 1431
ooo
2001025 1432
ooo
2001027 1433
ooo
2001030 1434
ooo
2001031 1435
ooo
2001031 1436
ooo
2001035 1437
ooo
2001037 1438
ooo
2001040 1439
ooo
2001042 1440
ooo
2001042 1441
ooo
2001044 1442
ooo
2001044 1443
ooo
2001046 1444
ooo
2001047 1445
ooo
2001049 1446
ooo
2001049 1447
ooo
2001052 1448
ooo
2001053 1449
ooo
2001056 1450
ooo
2001059 1451
ooo
2001060 1452
ooo
2001064 1453
ooo
2001067 1454
ooo
2001068 1455
ooo
2001070 1456
ooo
2001072 1457
ooo
2001074 1458
ooo
2001076 1459
ooo
2001080 1460
ooo
2001081 1461
ooo
2001083 1462
ooo
2001083 1463
ooo
2001084 1464
ooo
2001085 1465
ooo
2001086 1466
ooo
2001089 1467
ooo
2001090 1468
ooo
2001090 1469
ooo
2001091 1470
ooo
2001092 1471
ooo
2001092 1472
ooo
2001092 1473
ooo
2001092 1474
ooo
2001092 1475
ooo
2001093 1476
ooo
2001093 1477
ooo
2001093 1478
ooo
2001094 1479
ooo
2001094 1480
ooo
2001094 1481
ooo
2001094 1482
ooo
2001095 1483
ooo
2001095 1484
ooo
2001096 1485
ooo
2001096 1486
ooo
2001096 1487
ooo
2001097 1488
ooo
2001097 1489
ooo
2001097 1490
ooo
2001097 1491
ooo
2001098 1492
ooo
2001098 1493
ooo
2001098 1494
ooo
2001098 1495
ooo
2001099 1496
ooo
2001099 1497
ooo
2001099 1498
ooo
2001100 1499
ooo
2001100 1500
ooo
2001100 1501
ooo
2001100 1502
ooo
2001100 1503
ooo
2001101 1504
ooo
2001101 1505
ooo
2001101 1506
ooo
2001101 1507
ooo
2001102 1508
ooo
2001102 1509
ooo
2001102 1510
ooo
2001102 1511
ooo
2001102 1512
ooo
2001103 1513
ooo
2001103 1514
ooo
2001103 1515
ooo
2001103 1516
ooo
2001104 1517
ooo
2001104 1518
ooo
2001104 1519
ooo
2001106 1520
ooo
2001106 1521
ooo
2001107 1522
ooo
2001107 1523
ooo
2001108 1524
ooo
2001108 1525
ooo
2001109 1526
ooo
2001109 1527
ooo
2001110 1528
ooo
2001111 1529
ooo
2001111 1530
ooo
2001111 1531
ooo
2001111 1532
ooo
2001112 1533
ooo
2001112 1534
ooo
2001112 1535
ooo
2001113 1536
ooo
2001114 1537
ooo
2001115 1538
ooo
2001115 1539
ooo
2001116 1540
ooo
2001117 1541
ooo
2001117 1542
ooo
2001118 1543
ooo
2001118 1544
ooo
2001118 1545
ooo
2001119 1546
ooo
2001121 1547
ooo
2001121 1548
ooo
2001121 1549
ooo
2001122 1550
ooo
2001122 1551
ooo
2001125 1552
ooo
2001125 1553
ooo
2001126 1554
ooo
2001127 1555
ooo
2001127 1556
ooo
2001129 1557
ooo
2001129 1558
ooo
2001129 1559
ooo
2001129 1560
ooo
2001130 1561
ooo
2001131 1562
ooo
2001135 1563
ooo
2001136 1564
ooo
2001137 1565
ooo
2001138 1566
ooo
2001138 1567
ooo
2001140 1568
ooo
2001142 1569
ooo
2001144 1570
ooo
2001145 1571
ooo
2001148 1572
ooo
2001149 1573
ooo
2001151 1574
ooo
2001152 1575
ooo
2001152 1576
ooo
2001152 1577
ooo
2001154 1578
ooo
2001156 1579
ooo
2001157 1580
ooo
2001158 1581
ooo
2001162 1582
ooo
2001165 1583
ooo
2001166 1584
ooo
2001166 1585
ooo
2001166 1586
ooo
2001167 1587
ooo
2001169 1588
ooo
2001172 1589
ooo
2001172 1590
ooo
2001172 1591
ooo
2001173 1592
ooo
2001173 1593
ooo
2001174 1594
ooo
2001174 1595
ooo
2001175 1596
ooo
2001176 1597
ooo
2001176 1598
ooo
2001178 1599
ooo
2001179 1600
ooo
2001181 1601
ooo
2001181 1602
ooo
2001182 1603
ooo
2001182 1604
ooo
2001183 1605
ooo
2001183 1606
ooo
2001184 1607
ooo
2001184 1608
ooo
2001184 1609
ooo
2001184 1610
ooo
2001185 1611
ooo
2001187 1612
ooo
2001187 1613
ooo
2001188 1614
ooo
2001189 1615
ooo
2001192 1616
ooo
2001193 1617
ooo
2001194 1618
ooo
2001196 1619
ooo
2001197 1620
ooo
2001197 1621
ooo
2001199 1622
ooo
2001201 1623
ooo
2001202 1624
ooo
2001204 1625
ooo
2001207 1626
ooo
2001209 1627
ooo
2001210 1628
ooo
2001212 1629
ooo
2001213 1630
ooo
2001215 1631
ooo
2001216 1632
ooo
2001218 1633
ooo
2001219 1634
ooo
2001220 1635
ooo
2001221 1636
ooo
2001224 1637
ooo
2001224 1638
ooo
2001225 1639
ooo
2001226 1640
ooo
2001227 1641
ooo
2001228 1642
ooo
2001229 1643
ooo
2001231 1644
ooo
2001238 1645
ooo
2001239 1646
ooo
2001239 1647
ooo
2001242 1648
ooo
2001242 1649
ooo
2001243 1650
ooo
2001243 1651
ooo
2001244 1652
ooo
2001244 1653
ooo
2001245 1654
ooo
2001245 1655
ooo
2001246 1656
ooo
2001246 1657
ooo
2001247 1658
ooo
2001247 1659
ooo
2001247 1660
ooo
2001248 1661
ooo
2001249 1662
ooo
2001249 1663
ooo
2001250 1664
ooo
2001251 1665
ooo
2001252 1666
ooo
2001253 1667
ooo
2001256 1668
ooo
2001256 1669
ooo
2001257 1670
ooo
2001257 1671
ooo
2001257 1672
ooo
2001259 1673
ooo
2001259 1674
ooo
2001263 1675
ooo
2001264 1676
ooo
2001264 1677
ooo
2001265 1678
ooo
2001266 1679
ooo
2001266 1680
ooo
2001267 1681
ooo
2001267 1682
ooo
2001267 1683
ooo
2001269 1684
ooo
2001270 1685
ooo
2001270 1686
ooo
2001271 1687
ooo
2001271 1688
ooo
2001272 1689
ooo
2001274 1690
ooo
2001275 1691
ooo
2001275 1692
ooo
2001276 1693
ooo
2001276 1694
ooo
2001278 1695
ooo
2001280 1696
ooo
2001281 1697
ooo
2001282 1698
ooo
2001283 1699
ooo
2001284 1700
ooo
2001285 1701
ooo
2001286 1702
ooo
2001286 1703
ooo
2001288 1704
ooo
2001288 1705
ooo
2001289 1706
ooo
2001289 1707
ooo
2001290 1708
ooo
2001291 1709
ooo
2001292 1710
ooo
2001293 1711
ooo
2001293 1712
ooo
2001296 1713
ooo
2001297 1714
ooo
2001298 1715
ooo
2001299 1716
ooo
2001299 1717
ooo
2001300 1718
ooo
2001300 1719
ooo
2001301 1720
ooo
2001301 1721
ooo
2001303 1722
ooo
2001304 1723
ooo
2001304 1724
ooo
2001305 1725
ooo
2001305 1726
ooo
2001306 1727
ooo
2001307 1728
ooo
2001308 1729
ooo
2001309 1730
ooo
2001309 1731
ooo
2001310 1732
ooo
2001312 1733
ooo
2001312 1734
ooo
2001313 1735
ooo
2001315 1736
ooo
2001315 1737
ooo
2001319 1738
ooo
2001320 1739
ooo
2001321 1740
ooo
2001322 1741
ooo
2001323 1742
ooo
2001324 1743
ooo
2001326 1744
ooo
2001328 1745
ooo
2001328 1746
ooo
2001330 1747
ooo
2001331 1748
ooo
2001333 1749
ooo
2001335 1750
ooo
2001341 1751
ooo
2001343 1752
ooo
2001344 1753
ooo
2001345 1754
ooo
2001345 1755
ooo
2001347 1756
ooo
2001348 1757
ooo
2001348 1758
ooo
2001348 1759
ooo
2001351 1760
ooo
2001351 1761
ooo
2001351 1762
ooo
2001352 1763
ooo
2001355 1764
ooo
2001367 1765
ooo
2001371 1766
ooo
2001373 1767
ooo
2001375 1768
ooo
2001375 1769
ooo
2001377 1770
ooo
2001378 1771
ooo
2001379 1772
ooo
2001379 1773
ooo
2001380 1774
ooo
2001383 1775
ooo
2001386 1776
ooo
2001389 1777
ooo
2001389 1778
ooo
2001392 1779
ooo
2001395 1780
ooo
2001397 1781
ooo
2001399 1782
ooo
2001401 1783
ooo
2001403 1784
ooo
2001404 1785
ooo
2001405 1786
ooo
2001407 1787
ooo
2001408 1788
ooo
2001410 1789
ooo
2001412 1790
ooo
2001415 1791
ooo
2001418 1792
ooo
2001425 1793
ooo
2001428 1794
ooo
2001428 1795
ooo
2001429 1796
ooo
2001430 1797
ooo
2001434 1798
ooo
2001435 1799
ooo
2001439 1800
ooo
2001439 1801
ooo
2001442 1802
ooo
2001443 1803
ooo
2001443 1804
ooo
2001445 1805
ooo
2001446 1806
ooo
2001449 1807
ooo
2001451 1808
ooo
2001452 1809
ooo
2001455 1810
ooo
2001455 1811
ooo
2001458 1812
ooo
2001458 1813
ooo
2001460 1814
ooo
2001462 1815
ooo
2001463 1816
ooo
2001474 1817
ooo
2001477 1818
ooo
2001477 1819
ooo
2001477 1820
ooo
2001478 1821
ooo
2001480 1822
ooo
2001481 1823
ooo
2001481 1824
ooo
2001482 1825
ooo
2001482 1826
ooo
2001482 1827
ooo
2001483 1828
ooo
2001483 1829
ooo
2001485 1830
ooo
2001485 1831
ooo
2001488 1832
ooo
2001489 1833
ooo
2001495 1834
ooo
2001504 1835
ooo
2001505 1836
ooo
2001507 1837
ooo
2001507 1838
ooo
2001508 1839
ooo
2001511 1840
ooo
2001512 1841
ooo
2001513 1842
ooo
2001513 1843
ooo
2001514 1844
ooo
2001519 1845
ooo
2001520 1846
ooo
2001520 1847
ooo
2001523 1848
ooo
2001524 1849
ooo
2001527 1850
ooo
2001528 1851
ooo
2001530 1852
ooo
2001530 1853
ooo
2001532 1854
ooo
2001534 1855
ooo
2001535 1856
ooo
2001538 1857
ooo
2001539 1858
ooo
2001541 1859
ooo
2001544 1860
ooo
2001545 1861
ooo
2001549 1862
ooo
2001550 1863
ooo
2001551 1864
ooo
2001551 1865
ooo
2001553 1866
ooo
2001554 1867
ooo
2001558 1868
ooo
2001559 1869
ooo
2001561 1870
ooo
2001561 1871
ooo
2001562 1872
ooo
2001562 1873
ooo
2001567 1874
ooo
2001567 1875
ooo
2001590 1876
ooo
2001591 1877
ooo
2001591 1878
ooo
2001594 1879
ooo
2001595 1880
ooo
2001596 1881
ooo
2001603 1882
ooo
2001604 1883
ooo
2001608 1884
ooo
2001608 1885
ooo
2001610 1886
ooo
2001613 1887
ooo
2001623 1888
ooo
2001624 1889
ooo
2001625 1890
ooo
2001628 1891
ooo
2001629 1892
ooo
2001629 1893
ooo
2001632 1894
ooo
2001635 1895
ooo
2001636 1896
ooo
2001644 1897
ooo
2001647 1898
ooo
2001649 1899
ooo
2001654 1900
ooo
2001655 1901
ooo
2001660 1902
ooo
2001663 1903
ooo
2001665 1904
ooo
2001668 1905
ooo
2001672 1906
ooo
2001684 1907
ooo
2001692 1908
ooo
2001693 1909
ooo
2001697 1910
ooo
2001698 1911
ooo
2001702 1912
ooo
2001708 1913
ooo
2001710 1914
ooo
2001714 1915
ooo
2001723 1916
ooo
2001728 1917
ooo
2001730 1918
ooo
2001735 1919
ooo
2001740 1920
ooo
2001743 1921
ooo
2001746 1922
ooo
2001749 1923
ooo
2001754 1924
ooo
2001761 1925
ooo
2001761 1926
ooo
2001771 1927
ooo
2001775 1928
ooo
2001786 1929
ooo
2001797 1930
ooo
2001802 1931
ooo
2001802 1932
ooo
2001804 1933
ooo
2001805 1934
ooo
2001805 1935
ooo
2001806 1936
ooo
2001806 1937
ooo
2001807 1938
ooo
2001807 1939
ooo
2001807 1940
ooo
2001808 1941
ooo
2001808 1942
ooo
2001809 1943
ooo
2001809 1944
ooo
2001817 1945
ooo
2001818 1946
ooo
2001819 1947
ooo
2001821 1948
ooo
2001821 1949
ooo
2001824 1950
ooo
2001825 1951
ooo
2001826 1952
ooo
2001827 1953
ooo
2001827 1954
ooo
2001828 1955
ooo
2001829 1956
ooo
2001830 1957
ooo
2001831 1958
ooo
2001832 1959
ooo
2001833 1960
ooo
2001834 1961
ooo
2001834 1962
ooo
2001835 1963
ooo
2001835 1964
ooo
2001836 1965
ooo
2001836 1966
ooo
2001836 1967
ooo
2001837 1968
ooo
2001837 1969
ooo
2001838 1970
ooo
2001838 1971
ooo
2001839 1972
ooo
2001840 1973
ooo
2001840 1974
ooo
2001841 1975
ooo
2001841 1976
ooo
2001844 1977
ooo
2001846 1978
ooo
2001848 1979
ooo
2001849 1980
ooo
2001850 1981
ooo
2001851 1982
ooo
2001852 1983
ooo
2001852 1984
ooo
2001853 1985
ooo
2001854 1986
ooo
2001855 1987
ooo
2001858 1988
ooo
2001859 1989
ooo
2001863 1990
ooo
2001863 1991
ooo
2001864 1992
ooo
2001864 1993
ooo
2001865 1994
ooo
2001865 1995
ooo
2001866 1996
ooo
2001873 1997
ooo
2001879 1998
ooo
2001889 1999
ooo
2001889 2000
ooo
2001891 2001
ooo
2001894 2002
ooo
2001896 2003
ooo
2001898 2004
ooo
2001900 2005
ooo
2001901 2006
ooo
2001902 2007
ooo
2001903 2008
ooo
2001904 2009
ooo
2001905 2010
ooo
2001907 2011
ooo
2001914 2012
ooo
2001920 2013
ooo
2001922 2014
ooo
2001926 2015
ooo
2001927 2016
ooo
2001928 2017
ooo
2001928 2018
ooo
2001930 2019
ooo
2001931 2020
ooo
2001932 2021
ooo
2001932 2022
ooo
2001933 2023
ooo
2001933 2024
ooo
2001934 2025
ooo
2001935 2026
ooo
2001937 2027
ooo
2001944 2028
ooo
2001947 2029
ooo
2001951 2030
ooo
2001951 2031
ooo
2001952 2032
ooo
2001954 2033
ooo
2001957 2034
ooo
2001967 2035
ooo
2001968 2036
ooo
2001969 2037
ooo
2001970 2038
ooo
2001971 2039
ooo
2001972 2040
ooo
2001972 2041
ooo
2001973 2042
ooo
2001973 2043
ooo
2001974 2044
ooo
2001975 2045
ooo
2001976 2046
ooo
2001976 2047
ooo
2001976 2048
ooo
2001978 2049
ooo
2001980 2050
ooo
2001980 2051
ooo
2001983 2052
ooo
2001988 2053
ooo
2001991 2054
ooo
2001991 2055
ooo
2001993 2056
ooo
2001994 2057
ooo
2001995 2058
ooo
2001996 2059
ooo
2001996 2060
ooo
2001996 2061
ooo
2001997 2062
ooo
2001997 2063
ooo
2001999 2064
ooo
2002000 2065
ooo
2002003 2066
ooo
2002003 2067
ooo
2002004 2068
ooo
2002004 2069
ooo
2002013 2070
ooo
2002023 2071
ooo
2002025 2072
ooo
2002030 2073
ooo
2002030 2074
ooo
2002031 2075
ooo
2002032 2076
ooo
2002032 2077
ooo
2002033 2078
ooo
2002034 2079
ooo
2002035 2080
ooo
2002036 2081
ooo
2002037 2082
ooo
2002037 2083
ooo
2002039 2084
ooo
2002056 2085
ooo
2002063 2086
ooo
2002065 2087
ooo
2002072 2088
ooo
2002073 2089
ooo
2002078 2090
ooo
2002097 2091
ooo
2002137 2092
ooo
2002166 2093
ooo
2002168 2094
ooo
2002175 2095
ooo
2002212 2096
ooo
2002218 2097
ooo
2002219 2098
ooo
2002220 2099
ooo
2002222 2100
ooo
2002224 2101
ooo
2002226 2102
ooo
2002233 2103
ooo
2002235 2104
ooo
2002235 2105
ooo
2002237 2106
ooo
2002239 2107
ooo
2002241 2108
ooo
2002245 2109
ooo
2002257 2110
ooo
2002260 2111
ooo
2002262 2112
ooo
2002263 2113
ooo
2002264 2114
ooo
2002265 2115
ooo
2002267 2116
ooo
2002270 2117
ooo
2002270 2118
ooo
2002272 2119
ooo
2002275 2120
ooo
2002282 2121
ooo
2002283 2122
ooo
2002293 2123
ooo
2002295 2124
ooo
2002296 2125
ooo
2002299 2126
ooo
2002301 2127
ooo
2002303 2128
ooo
2002311 2129
ooo
2002314 2130
ooo
2002317 2131
ooo
2002333 2132
ooo
2002336 2133
ooo
2002336 2134
ooo
2002339 2135
ooo
2002344 2136
ooo
2002361 2137
ooo
2002364 2138
ooo
2002367 2139
ooo
2002378 2140
ooo
2002384 2141
ooo
2002387 2142
ooo
2002388 2143
ooo
2002391 2144
ooo
2002394 2145
ooo
2002400 2146
ooo
2002445 2147
ooo
2002448 2148
ooo
2002452 2149
ooo
2002487 2150
ooo
2002489 2151
ooo
2002492 2152
ooo
2002492 2153
ooo
2002495 2154
ooo
2002496 2155
ooo
2002496 2156
ooo
2002497 2157
ooo
2002503 2158
ooo
2002504 2159
ooo
2002505 2160
ooo
2002506 2161
ooo
2002507 2162
ooo
2002507 2163
ooo
2002509 2164
ooo
2002510 2165
ooo
2002511 2166
ooo
2002512 2167
ooo
2002513 2168
ooo
2002515 2169
ooo
2002515 2170
ooo
2002516 2171
ooo
2002516 2172
ooo
2002516 2173
ooo
2002517 2174
ooo
2002517 2175
ooo
2002518 2176
ooo
2002519 2177
ooo
2002519 2178
ooo
2002519 2179
ooo
2002520 2180
ooo
2002520 2181
ooo
2002520 2182
ooo
2002522 2183
ooo
2002523 2184
ooo
2002525 2185
ooo
2002533 2186
ooo
2002537 2187
ooo
2002538 2188
ooo
2002555 2189
ooo
2002557 2190
ooo
2002558 2191
ooo
2002561 2192
ooo
2002561 2193
ooo
2002561 2194
ooo
2002563 2195
ooo
2002564 2196
ooo
2002565 2197
ooo
2002568 2198
ooo
2002572 2199
ooo
2002576 2200
ooo
2002580 2201
ooo
2002608 2202
ooo
2002615 2203
ooo
2002616 2204
ooo
2002619 2205
ooo
2002621 2206
ooo
2002622 2207
ooo
2002628 2208
ooo
2002687 2209
ooo
2002688 2210
ooo
2002691 2211
ooo
2002692 2212
ooo
2002692 2213
ooo
2002692 2214
ooo
2002692 2215
ooo
2002693 2216
ooo
2002693 2217
ooo
2002693 2218
ooo
2002694 2219
ooo
2002694 2220
ooo
2002694 2221
ooo
2002695 2222
ooo
2002695 2223
ooo
2002695 2224
ooo
2002696 2225
ooo
2002696 2226
ooo
2002696 2227
ooo
2002696 2228
ooo
2002697 2229
ooo
2002697 2230
ooo
2002697 2231
ooo
2002698 2232
ooo
2002698 2233
ooo
2002698 2234
ooo
2002699 2235
ooo
2002699 2236
ooo
2002699 2237
ooo
2002700 2238
ooo
2002714 2239
ooo
2002723 2240
ooo
2002728 2241
ooo
2002742 2242
ooo
2002759 2243
ooo
2002760 2244
ooo
2002761 2245
ooo
2002762 2246
ooo
2002764 2247
ooo
2002766 2248
ooo
2002786 2249
ooo
2002792 2250
ooo
2002812 2251
ooo
2002821 2252
ooo
2002825 2253
ooo
2002826 2254
ooo
2002827 2255
ooo
2002831 2256
ooo
2002833 2257
ooo
2002861 2258
ooo
2002866 2259
ooo
2002907 2260
ooo
2002911 2261
ooo
2002913 2262
ooo
2002917 2263
ooo
2002932 2264
ooo
2002938 2265
ooo
2002961 2266
ooo
2002966 2267
ooo
2003324 2268
ooo
2003325 2269
ooo
2003326 2270
ooo
2003327 2271
ooo
2003329 2272
ooo
2003330 2273
ooo
2003339 2274
ooo
2003339 2275
ooo
2003340 2276
ooo
2003385 2277
ooo
2003387 2278
ooo
2003388 2279
ooo
2003390 2280
ooo
2003397 2281
ooo
2003400 2282
ooo
2003402 2283
ooo
2003422 2284
ooo
2003424 2285
ooo
2003426 2286
ooo
2003429 2287
ooo
2003467 2288
ooo
2003469 2289
ooo
2003474 2290
ooo
2003501 2291
ooo
2003504 2292
ooo
2003506 2293
ooo
2003509 2294
ooo
2003529 2295
ooo
2003532 2296
ooo
2003535 2297
ooo
2003541 2298
ooo
2003548 2299
ooo
2003567 2300
ooo
2003570 2301
ooo
2003573 2302
ooo
2003590 2303
ooo
2003593 2304
ooo
2003597 2305
ooo
2003619 2306
ooo
2003622 2307
ooo
2003626 2308
ooo
2003642 2309
ooo
2003646 2310
ooo
2003650 2311
ooo
2003697 2312
ooo
2003702 2313
ooo
2003759 2314
ooo
2003764 2315
ooo
2003786 2316
ooo
2003791 2317
ooo
2003840 2318
ooo
2003846 2319
ooo
2003885 2320
ooo
2003892 2321

*** Simulator is enforced to be finished, finished so far: 129/ total: 129, Time:+2102400000.0ns

------------Letflow History---------------
Number of flowlet's timeout:13920
Letflow's timeout: +1000.0ns
925.559
