Waf: Entering directory `/home/mywang/conweave-ns3/build'
Waf: Leaving directory `/home/mywang/conweave-ns3/build'
'build' finished successfully (0.490s)
TOPOLOGY_FILE			config/leaf_spine_128_100G_OS2.txt
FLOW_FILE			config/random_flow_ring.txt
FLOW_INPUT_FILE			mix/output/827622808/827622808_in.txt
CNP_OUTPUT_FILE			mix/output/827622808/827622808_out_cnp.txt
LETFLOW_OUTPUT_FILE			mix/output/827622808/827622808_out_letflow.txt
REUNION_OUTPUT_FILE			mix/output/827622808/827622808_out_reunion.txt
FCT_OUTPUT_FILE		mix/output/827622808/827622808_out_fct.txt
PFC_OUTPUT_FILE				mix/output/827622808/827622808_out_pfc.txt
QLEN_MON_FILE				mix/output/827622808/827622808_out_qlen.txt
VOQ_MON_FILE				mix/output/827622808/827622808_out_voq.txt
VOQ_MON_DETAIL_FILE				mix/output/827622808/827622808_out_voq_per_dst.txt
UPLINK_MON_FILE				mix/output/827622808/827622808_out_uplink.txt
CONN_MON_FILE				mix/output/827622808/827622808_out_conn.txt
EST_ERROR_MON_FILE			mix/output/827622808/827622808_out_est_error.txt
QLEN_MON_START				2
QLEN_MON_END				2
SW_MONITORING_INTERVAL			10000
FLOWGEN_START_TIME		2
FLOWGEN_STOP_TIME		2.2
BUFFER_SIZE				9
CC_MODE		1
LB_MODE			6
ENABLE_PFC			Yes
ENABLE_IRN		0
CONWEAVE_TX_EXPIRY_TIME			+1000000.0ns
CONWEAVE_REPLY_TIMEOUT_EXTRA			+4000.0ns
CONWEAVE_PATH_PAUSE_TIME			+16000.0ns
CONWEAVE_EXTRA_VOQ_FLUSH_TIME			+64000.0ns
CONWEAVE_DEFAULT_VOQ_WAITING_TIME			+400000.0ns
ALPHA_RESUME_INTERVAL		1
RATE_DECREASE_INTERVAL		4
CLAMP_TARGET_RATE		No
RP_TIMER			300
FAST_RECOVERY_TIMES		1
EWMA_GAIN			0.00390625
RATE_AI				40.0Mb/s
RATE_HAI			100.0Mb/s
MIN_RATE		100Mb/s
DCTCP_RATE_AI				1000Mb/s
ERROR_RATE_PER_LINK		0
L2_CHUNK_SIZE			4000
L2_ACK_INTERVAL			1
L2_BACK_TO_ZERO			No
RATE_BOUND		1
HAS_WIN		0
VAR_WIN		0
FAST_REACT		0
MI_THRESH		0
INT_MULTI				1
GLOBAL_T		1
U_TARGET		0.95
MULTI_RATE				0
SAMPLE_FEEDBACK				0
ENABLE_QCN			Yes
USE_DYNAMIC_PFC_THRESHOLD	Yes
PACKET_PAYLOAD_SIZE		1000
LINK_DOWN				0 0 0
KMAX_MAP				 20000000000 400 50000000000 400 100000000000 400 200000000000 400 250000000000 400 400000000000 400
KMIN_MAP				 20000000000 100 50000000000 100 100000000000 100 200000000000 100 250000000000 100 400000000000 100
PMAX_MAP				 20000000000 0 50000000000 0 100000000000 0.2 200000000000 0.2 250000000000 0.2 400000000000 0.2
LOAD			40
RANDOM_SEED			1
LETFLOW_TIMEOUT			1200
PARALET_ON			0
PARALET_ON			0
(AVG) NIC RATE: 100000000000
node_num=144
maxRtt: 8320, maxBdp: 104000
Configuring switches
------------------------------------------
Running Simulation.
*** input flow is over the prefixed number -- flow number : 129
*** flow_input.idx : 129
*** THIS IS THE LAST FLOW TO SEND :) 
ooo
2000034 1
ooo
2000036 2
ooo
2000036 3
ooo
2000037 4
ooo
2000037 5
ooo
2000037 6
ooo
2000037 7
ooo
2000037 8
ooo
2000037 9
ooo
2000037 10
ooo
2000038 11
ooo
2000038 12
ooo
2000038 13
ooo
2000038 14
ooo
2000038 15
ooo
2000039 16
ooo
2000039 17
ooo
2000039 18
ooo
2000039 19
ooo
2000039 20
ooo
2000039 21
ooo
2000040 22
ooo
2000040 23
ooo
2000040 24
ooo
2000040 25
ooo
2000040 26
ooo
2000040 27
ooo
2000040 28
ooo
2000040 29
ooo
2000041 30
ooo
2000041 31
ooo
2000041 32
ooo
2000041 33
ooo
2000041 34
ooo
2000041 35
ooo
2000041 36
ooo
2000041 37
ooo
2000042 38
ooo
2000042 39
ooo
2000042 40
ooo
2000042 41
ooo
2000042 42
ooo
2000042 43
ooo
2000042 44
ooo
2000042 45
ooo
2000042 46
ooo
2000043 47
ooo
2000043 48
ooo
2000043 49
ooo
2000043 50
ooo
2000043 51
ooo
2000043 52
ooo
2000043 53
ooo
2000043 54
ooo
2000043 55
ooo
2000044 56
ooo
2000044 57
ooo
2000044 58
ooo
2000044 59
ooo
2000044 60
ooo
2000044 61
ooo
2000044 62
ooo
2000044 63
ooo
2000045 64
ooo
2000045 65
ooo
2000045 66
ooo
2000045 67
ooo
2000045 68
ooo
2000045 69
ooo
2000045 70
ooo
2000046 71
ooo
2000046 72
ooo
2000046 73
ooo
2000046 74
ooo
2000046 75
ooo
2000046 76
ooo
2000046 77
ooo
2000047 78
ooo
2000047 79
ooo
2000047 80
ooo
2000047 81
ooo
2000047 82
ooo
2000047 83
ooo
2000047 84
ooo
2000047 85
ooo
2000048 86
ooo
2000048 87
ooo
2000048 88
ooo
2000048 89
ooo
2000048 90
ooo
2000048 91
ooo
2000048 92
ooo
2000048 93
ooo
2000049 94
ooo
2000049 95
ooo
2000049 96
ooo
2000049 97
ooo
2000049 98
ooo
2000049 99
ooo
2000049 100
ooo
2000049 101
ooo
2000049 102
ooo
2000049 103
ooo
2000049 104
ooo
2000049 105
ooo
2000049 106
ooo
2000050 107
ooo
2000050 108
ooo
2000050 109
ooo
2000050 110
ooo
2000050 111
ooo
2000050 112
ooo
2000050 113
ooo
2000050 114
ooo
2000050 115
ooo
2000051 116
ooo
2000051 117
ooo
2000051 118
ooo
2000051 119
ooo
2000051 120
ooo
2000051 121
ooo
2000051 122
ooo
2000051 123
ooo
2000051 124
ooo
2000051 125
ooo
2000051 126
ooo
2000052 127
ooo
2000052 128
ooo
2000052 129
ooo
2000052 130
ooo
2000052 131
ooo
2000052 132
ooo
2000053 133
ooo
2000053 134
ooo
2000053 135
ooo
2000053 136
ooo
2000053 137
ooo
2000054 138
ooo
2000054 139
ooo
2000054 140
ooo
2000054 141
ooo
2000054 142
ooo
2000054 143
ooo
2000054 144
ooo
2000054 145
ooo
2000054 146
ooo
2000055 147
ooo
2000055 148
ooo
2000055 149
ooo
2000055 150
ooo
2000055 151
ooo
2000055 152
ooo
2000055 153
ooo
2000055 154
ooo
2000056 155
ooo
2000056 156
ooo
2000056 157
ooo
2000056 158
ooo
2000056 159
ooo
2000057 160
ooo
2000057 161
ooo
2000057 162
ooo
2000057 163
ooo
2000057 164
ooo
2000057 165
ooo
2000057 166
ooo
2000057 167
ooo
2000057 168
ooo
2000058 169
ooo
2000058 170
ooo
2000058 171
ooo
2000058 172
ooo
2000058 173
ooo
2000058 174
ooo
2000058 175
ooo
2000058 176
ooo
2000058 177
ooo
2000059 178
ooo
2000059 179
ooo
2000059 180
ooo
2000059 181
ooo
2000060 182
ooo
2000060 183
ooo
2000060 184
ooo
2000060 185
ooo
2000060 186
ooo
2000060 187
ooo
2000061 188
ooo
2000061 189
ooo
2000061 190
ooo
2000061 191
ooo
2000061 192
ooo
2000062 193
ooo
2000062 194
ooo
2000062 195
ooo
2000062 196
ooo
2000062 197
ooo
2000062 198
ooo
2000062 199
ooo
2000062 200
ooo
2000062 201
ooo
2000062 202
ooo
2000063 203
ooo
2000063 204
ooo
2000063 205
ooo
2000063 206
ooo
2000063 207
ooo
2000063 208
ooo
2000063 209
ooo
2000063 210
ooo
2000063 211
ooo
2000064 212
ooo
2000064 213
ooo
2000064 214
ooo
2000064 215
ooo
2000064 216
ooo
2000064 217
ooo
2000064 218
ooo
2000064 219
ooo
2000064 220
ooo
2000064 221
ooo
2000064 222
ooo
2000064 223
ooo
2000064 224
ooo
2000064 225
ooo
2000065 226
ooo
2000065 227
ooo
2000065 228
ooo
2000065 229
ooo
2000066 230
ooo
2000066 231
ooo
2000066 232
ooo
2000066 233
ooo
2000066 234
ooo
2000067 235
ooo
2000067 236
ooo
2000067 237
ooo
2000067 238
ooo
2000067 239
ooo
2000067 240
ooo
2000067 241
ooo
2000067 242
ooo
2000067 243
ooo
2000067 244
ooo
2000067 245
ooo
2000068 246
ooo
2000068 247
ooo
2000068 248
ooo
2000068 249
ooo
2000068 250
ooo
2000068 251
ooo
2000068 252
ooo
2000068 253
ooo
2000068 254
ooo
2000068 255
ooo
2000068 256
ooo
2000068 257
ooo
2000068 258
ooo
2000068 259
ooo
2000068 260
ooo
2000068 261
ooo
2000068 262
ooo
2000068 263
ooo
2000069 264
ooo
2000069 265
ooo
2000069 266
ooo
2000069 267
ooo
2000069 268
ooo
2000069 269
ooo
2000069 270
ooo
2000069 271
ooo
2000069 272
ooo
2000069 273
ooo
2000070 274
ooo
2000070 275
ooo
2000070 276
ooo
2000070 277
ooo
2000070 278
ooo
2000070 279
ooo
2000070 280
ooo
2000070 281
ooo
2000070 282
ooo
2000070 283
ooo
2000070 284
ooo
2000070 285
ooo
2000070 286
ooo
2000070 287
ooo
2000070 288
ooo
2000070 289
ooo
2000070 290
ooo
2000070 291
ooo
2000070 292
ooo
2000070 293
ooo
2000071 294
ooo
2000071 295
ooo
2000071 296
ooo
2000071 297
ooo
2000071 298
ooo
2000071 299
ooo
2000071 300
ooo
2000071 301
ooo
2000071 302
ooo
2000071 303
ooo
2000071 304
ooo
2000072 305
ooo
2000072 306
ooo
2000072 307
ooo
2000072 308
ooo
2000072 309
ooo
2000072 310
ooo
2000072 311
ooo
2000072 312
ooo
2000072 313
ooo
2000072 314
ooo
2000072 315
ooo
2000072 316
ooo
2000072 317
ooo
2000073 318
ooo
2000073 319
ooo
2000073 320
ooo
2000073 321
ooo
2000073 322
ooo
2000073 323
ooo
2000073 324
ooo
2000073 325
ooo
2000074 326
ooo
2000074 327
ooo
2000074 328
ooo
2000074 329
ooo
2000074 330
ooo
2000074 331
ooo
2000074 332
ooo
2000074 333
ooo
2000074 334
ooo
2000075 335
ooo
2000075 336
ooo
2000075 337
ooo
2000075 338
ooo
2000075 339
ooo
2000075 340
ooo
2000076 341
ooo
2000076 342
ooo
2000076 343
ooo
2000076 344
ooo
2000076 345
ooo
2000077 346
ooo
2000077 347
ooo
2000078 348
ooo
2000078 349
ooo
2000078 350
ooo
2000078 351
ooo
2000078 352
ooo
2000078 353
ooo
2000078 354
ooo
2000079 355
ooo
2000080 356
ooo
2000080 357
ooo
2000081 358
ooo
2000081 359
ooo
2000081 360
ooo
2000081 361
ooo
2000081 362
ooo
2000082 363
ooo
2000082 364
ooo
2000082 365
ooo
2000082 366
ooo
2000083 367
ooo
2000083 368
ooo
2000083 369
ooo
2000083 370
ooo
2000084 371
ooo
2000084 372
ooo
2000084 373
ooo
2000084 374
ooo
2000084 375
ooo
2000085 376
ooo
2000085 377
ooo
2000085 378
ooo
2000085 379
ooo
2000085 380
ooo
2000085 381
ooo
2000085 382
ooo
2000085 383
ooo
2000085 384
ooo
2000086 385
ooo
2000086 386
ooo
2000086 387
ooo
2000087 388
ooo
2000087 389
ooo
2000087 390
ooo
2000088 391
ooo
2000089 392
ooo
2000090 393
ooo
2000090 394
ooo
2000091 395
ooo
2000091 396
ooo
2000091 397
ooo
2000092 398
ooo
2000092 399
ooo
2000092 400
ooo
2000092 401
ooo
2000092 402
ooo
2000093 403
ooo
2000093 404
ooo
2000093 405
ooo
2000093 406
ooo
2000093 407
ooo
2000093 408
ooo
2000093 409
ooo
2000093 410
ooo
2000093 411
ooo
2000093 412
ooo
2000094 413
ooo
2000094 414
ooo
2000096 415
ooo
2000096 416
ooo
2000097 417
ooo
2000097 418
ooo
2000099 419
ooo
2000100 420
ooo
2000100 421
ooo
2000100 422
ooo
2000100 423
ooo
2000100 424
ooo
2000101 425
ooo
2000101 426
ooo
2000101 427
ooo
2000102 428
ooo
2000103 429
ooo
2000103 430
ooo
2000103 431
ooo
2000103 432
ooo
2000103 433
ooo
2000103 434
ooo
2000103 435
ooo
2000103 436
ooo
2000104 437
ooo
2000104 438
ooo
2000104 439
ooo
2000105 440
ooo
2000105 441
ooo
2000105 442
ooo
2000106 443
ooo
2000106 444
ooo
2000106 445
ooo
2000106 446
ooo
2000106 447
ooo
2000106 448
ooo
2000107 449
ooo
2000107 450
ooo
2000107 451
ooo
2000107 452
ooo
2000107 453
ooo
2000107 454
ooo
2000107 455
ooo
2000108 456
ooo
2000108 457
ooo
2000109 458
ooo
2000110 459
ooo
2000110 460
ooo
2000111 461
ooo
2000112 462
ooo
2000113 463
ooo
2000113 464
ooo
2000113 465
ooo
2000113 466
ooo
2000113 467
ooo
2000113 468
ooo
2000113 469
ooo
2000114 470
ooo
2000114 471
ooo
2000114 472
ooo
2000114 473
ooo
2000114 474
ooo
2000115 475
ooo
2000115 476
ooo
2000115 477
ooo
2000115 478
ooo
2000116 479
ooo
2000116 480
ooo
2000116 481
ooo
2000116 482
ooo
2000122 483
ooo
2000124 484
ooo
2000124 485
ooo
2000124 486
ooo
2000124 487
ooo
2000124 488
ooo
2000124 489
ooo
2000124 490
ooo
2000124 491
ooo
2000125 492
ooo
2000125 493
ooo
2000128 494
ooo
2000131 495
ooo
2000133 496
ooo
2000133 497
ooo
2000134 498
ooo
2000135 499
ooo
2000135 500
ooo
2000136 501
ooo
2000138 502
ooo
2000138 503
ooo
2000138 504
ooo
2000138 505
ooo
2000139 506
ooo
2000139 507
ooo
2000141 508
ooo
2000142 509
ooo
2000143 510
ooo
2000143 511
ooo
2000152 512
ooo
2000152 513
ooo
2000152 514
ooo
2000152 515
ooo
2000165 516
ooo
2000165 517
ooo
2000165 518
ooo
2000165 519
ooo
2000165 520
ooo
2000172 521
ooo
2000172 522
ooo
2000172 523
ooo
2000172 524
ooo
2000172 525
ooo
2000480 526
ooo
2000481 527
ooo
2000485 528
ooo
2000486 529
ooo
2000486 530
ooo
2000486 531
ooo
2000487 532
ooo
2000488 533
ooo
2000489 534
ooo
2000490 535
ooo
2000490 536
ooo
2000491 537
ooo
2000492 538
ooo
2000492 539
ooo
2000493 540
ooo
2000493 541
ooo
2000494 542
ooo
2000495 543
ooo
2000499 544
ooo
2000505 545
ooo
2000514 546
ooo
2000516 547
ooo
2000517 548
ooo
2000521 549
ooo
2000522 550
ooo
2000522 551
ooo
2000524 552
ooo
2000526 553
ooo
2000526 554
ooo
2000527 555
ooo
2000529 556
ooo
2000529 557
ooo
2000529 558
ooo
2000530 559
ooo
2000531 560
ooo
2000531 561
ooo
2000531 562
ooo
2000531 563
ooo
2000532 564
ooo
2000533 565
ooo
2000533 566
ooo
2000533 567
ooo
2000533 568
ooo
2000533 569
ooo
2000533 570
ooo
2000534 571
ooo
2000534 572
ooo
2000534 573
ooo
2000535 574
ooo
2000535 575
ooo
2000535 576
ooo
2000535 577
ooo
2000536 578
ooo
2000536 579
ooo
2000537 580
ooo
2000537 581
ooo
2000537 582
ooo
2000538 583
ooo
2000538 584
ooo
2000538 585
ooo
2000539 586
ooo
2000540 587
ooo
2000541 588
ooo
2000541 589
ooo
2000541 590
ooo
2000542 591
ooo
2000542 592
ooo
2000542 593
ooo
2000543 594
ooo
2000543 595
ooo
2000544 596
ooo
2000544 597
ooo
2000544 598
ooo
2000545 599
ooo
2000545 600
ooo
2000545 601
ooo
2000546 602
ooo
2000547 603
ooo
2000548 604
ooo
2000548 605
ooo
2000548 606
ooo
2000549 607
ooo
2000550 608
ooo
2000551 609
ooo
2000551 610
ooo
2000552 611
ooo
2000553 612
ooo
2000553 613
ooo
2000555 614
ooo
2000558 615
ooo
2000558 616
ooo
2000560 617
ooo
2000561 618
ooo
2000562 619
ooo
2000563 620
ooo
2000563 621
ooo
2000564 622
ooo
2000564 623
ooo
2000564 624
ooo
2000565 625
ooo
2000565 626
ooo
2000565 627
ooo
2000566 628
ooo
2000566 629
ooo
2000566 630
ooo
2000566 631
ooo
2000566 632
ooo
2000567 633
ooo
2000567 634
ooo
2000567 635
ooo
2000567 636
ooo
2000568 637
ooo
2000568 638
ooo
2000568 639
ooo
2000569 640
ooo
2000569 641
ooo
2000569 642
ooo
2000569 643
ooo
2000569 644
ooo
2000569 645
ooo
2000569 646
ooo
2000570 647
ooo
2000570 648
ooo
2000570 649
ooo
2000570 650
ooo
2000570 651
ooo
2000571 652
ooo
2000571 653
ooo
2000571 654
ooo
2000571 655
ooo
2000571 656
ooo
2000572 657
ooo
2000572 658
ooo
2000573 659
ooo
2000573 660
ooo
2000573 661
ooo
2000574 662
ooo
2000574 663
ooo
2000574 664
ooo
2000574 665
ooo
2000574 666
ooo
2000575 667
ooo
2000575 668
ooo
2000576 669
ooo
2000576 670
ooo
2000576 671
ooo
2000577 672
ooo
2000577 673
ooo
2000579 674
ooo
2000579 675
ooo
2000580 676
ooo
2000580 677
ooo
2000581 678
ooo
2000581 679
ooo
2000581 680
ooo
2000581 681
ooo
2000582 682
ooo
2000582 683
ooo
2000582 684
ooo
2000582 685
ooo
2000582 686
ooo
2000583 687
ooo
2000584 688
ooo
2000584 689
ooo
2000585 690
ooo
2000585 691
ooo
2000586 692
ooo
2000586 693
ooo
2000586 694
ooo
2000587 695
ooo
2000588 696
ooo
2000588 697
ooo
2000588 698
ooo
2000589 699
ooo
2000589 700
ooo
2000589 701
ooo
2000590 702
ooo
2000590 703
ooo
2000590 704
ooo
2000591 705
ooo
2000591 706
ooo
2000592 707
ooo
2000595 708
ooo
2000595 709
ooo
2000596 710
ooo
2000597 711
ooo
2000597 712
ooo
2000597 713
ooo
2000598 714
ooo
2000598 715
ooo
2000598 716
ooo
2000600 717
ooo
2000600 718
ooo
2000600 719
ooo
2000601 720
ooo
2000601 721
ooo
2000601 722
ooo
2000601 723
ooo
2000602 724
ooo
2000603 725
ooo
2000603 726
ooo
2000603 727
ooo
2000603 728
ooo
2000603 729
ooo
2000603 730
ooo
2000603 731
ooo
2000604 732
ooo
2000604 733
ooo
2000604 734
ooo
2000604 735
ooo
2000605 736
ooo
2000606 737
ooo
2000607 738
ooo
2000608 739
ooo
2000608 740
ooo
2000608 741
ooo
2000609 742
ooo
2000609 743
ooo
2000609 744
ooo
2000609 745
ooo
2000610 746
ooo
2000610 747
ooo
2000611 748
ooo
2000611 749
ooo
2000611 750
ooo
2000611 751
ooo
2000612 752
ooo
2000612 753
ooo
2000613 754
ooo
2000613 755
ooo
2000613 756
ooo
2000614 757
ooo
2000614 758
ooo
2000614 759
ooo
2000614 760
ooo
2000615 761
ooo
2000615 762
ooo
2000616 763
ooo
2000616 764
ooo
2000617 765
ooo
2000617 766
ooo
2000617 767
ooo
2000618 768
ooo
2000618 769
ooo
2000618 770
ooo
2000618 771
ooo
2000618 772
ooo
2000619 773
ooo
2000619 774
ooo
2000619 775
ooo
2000620 776
ooo
2000620 777
ooo
2000621 778
ooo
2000621 779
ooo
2000621 780
ooo
2000622 781
ooo
2000623 782
ooo
2000623 783
ooo
2000624 784
ooo
2000625 785
ooo
2000627 786
ooo
2000628 787
ooo
2000629 788
ooo
2000629 789
ooo
2000630 790
ooo
2000631 791
ooo
2000631 792
ooo
2000634 793
ooo
2000635 794
ooo
2000636 795
ooo
2000637 796
ooo
2000638 797
ooo
2000638 798
ooo
2000639 799
ooo
2000640 800
ooo
2000641 801
ooo
2000642 802
ooo
2000642 803
ooo
2000643 804
ooo
2000645 805
ooo
2000646 806
ooo
2000646 807
ooo
2000647 808
ooo
2000647 809
ooo
2000648 810
ooo
2000648 811
ooo
2000655 812
ooo
2000655 813
ooo
2000656 814
ooo
2000659 815
ooo
2000660 816
ooo
2000662 817
ooo
2000662 818
ooo
2000665 819
ooo
2000665 820
ooo
2000667 821
ooo
2000668 822
ooo
2000671 823
ooo
2000673 824
ooo
2000674 825
ooo
2000674 826
ooo
2000675 827
ooo
2000676 828
ooo
2000676 829
ooo
2000678 830
ooo
2000679 831
ooo
2000679 832
ooo
2000681 833
ooo
2000681 834
ooo
2000681 835
ooo
2000683 836
ooo
2000687 837
ooo
2000687 838
ooo
2000688 839
ooo
2000692 840
ooo
2000694 841
ooo
2000696 842
ooo
2000699 843
ooo
2000710 844
ooo
2000714 845
ooo
2000760 846
ooo
2000763 847
ooo
2000777 848
ooo
2000778 849
ooo
2000785 850
ooo
2000785 851
ooo
2000787 852
ooo
2000788 853
ooo
2000791 854
ooo
2000792 855
ooo
2000793 856
ooo
2000794 857
ooo
2000795 858
ooo
2000795 859
ooo
2000796 860
ooo
2000798 861
ooo
2000800 862
ooo
2000800 863
ooo
2000801 864
ooo
2000804 865
ooo
2000806 866
ooo
2000808 867
ooo
2000818 868
ooo
2000821 869
ooo
2000822 870
ooo
2000824 871
ooo
2000826 872
ooo
2000827 873
ooo
2000832 874
ooo
2000836 875
ooo
2000840 876
ooo
2000847 877
ooo
2000862 878
ooo
2000866 879
ooo
2000869 880
ooo
2000871 881
ooo
2000891 882
ooo
2000893 883
ooo
2000898 884
ooo
2000898 885
ooo
2000903 886
ooo
2000910 887
ooo
2000911 888
ooo
2000912 889
ooo
2000913 890
ooo
2000915 891
ooo
2000915 892
ooo
2000916 893
ooo
2000918 894
ooo
2000922 895
ooo
2000938 896
ooo
2000941 897
ooo
2000941 898
ooo
2000942 899
ooo
2000942 900
ooo
2000942 901
ooo
2000943 902
ooo
2000943 903
ooo
2000944 904
ooo
2000944 905
ooo
2000944 906
ooo
2000945 907
ooo
2000945 908
ooo
2000945 909
ooo
2000946 910
ooo
2000946 911
ooo
2000946 912
ooo
2000947 913
ooo
2000986 914
ooo
2000987 915
ooo
2000989 916
ooo
2000990 917
ooo
2000991 918
ooo
2000993 919
ooo
2000994 920
ooo
2000994 921
ooo
2000998 922
ooo
2001001 923
ooo
2001018 924
ooo
2001026 925
ooo
2001028 926
ooo
2001039 927
ooo
2001055 928
ooo
2001055 929
ooo
2001056 930
ooo
2001057 931
ooo
2001057 932
ooo
2001058 933
ooo
2001060 934
ooo
2001060 935
ooo
2001061 936
ooo
2001062 937
ooo
2001063 938
ooo
2001065 939
ooo
2001066 940
ooo
2001067 941
ooo
2001069 942
ooo
2001070 943
ooo
2001071 944
ooo
2001072 945
ooo
2001074 946
ooo
2001082 947
ooo
2001084 948
ooo
2001090 949
ooo
2001093 950
ooo
2001095 951
ooo
2001097 952
ooo
2001106 953
ooo
2001112 954
ooo
2001135 955
ooo
2001146 956
ooo
2001149 957
ooo
2001152 958
ooo
2001157 959
ooo
2001161 960
ooo
2001167 961
ooo
2001185 962
ooo
2001188 963
ooo
2001192 964
ooo
2001202 965
ooo
2001214 966
ooo
2001218 967
ooo
2001222 968
ooo
2001225 969
ooo
2001227 970
ooo
2001230 971
ooo
2001231 972
ooo
2001231 973
ooo
2001232 974
ooo
2001233 975
ooo
2001234 976
ooo
2001235 977
ooo
2001235 978
ooo
2001236 979
ooo
2001237 980
ooo
2001237 981
ooo
2001238 982
ooo
2001238 983
ooo
2001239 984
ooo
2001239 985
ooo
2001240 986
ooo
2001241 987
ooo
2001242 988
ooo
2001242 989
ooo
2001244 990
ooo
2001246 991
ooo
2001248 992
ooo
2001256 993
ooo
2001256 994
ooo
2001256 995
ooo
2001257 996
ooo
2001259 997
ooo
2001260 998
ooo
2001260 999
ooo
2001262 1000
ooo
2001262 1001
ooo
2001264 1002
ooo
2001264 1003
ooo
2001265 1004
ooo
2001275 1005
ooo
2001278 1006
ooo
2001281 1007
ooo
2001284 1008
ooo
2001285 1009
ooo
2001285 1010
ooo
2001286 1011
ooo
2001287 1012
ooo
2001288 1013
ooo
2001289 1014
ooo
2001291 1015
ooo
2001291 1016
ooo
2001292 1017
ooo
2001294 1018
ooo
2001294 1019
ooo
2001297 1020
ooo
2001313 1021
ooo
2001313 1022
ooo
2001316 1023
ooo
2001320 1024
ooo
2001322 1025
ooo
2001323 1026
ooo
2001324 1027
ooo
2001325 1028
ooo
2001325 1029
ooo
2001326 1030
ooo
2001326 1031
ooo
2001328 1032
ooo
2001330 1033
ooo
2001331 1034
ooo
2001331 1035
ooo
2001331 1036
ooo
2001335 1037
ooo
2001335 1038
ooo
2001335 1039
ooo
2001340 1040
ooo
2001341 1041
ooo
2001342 1042
ooo
2001346 1043
ooo
2001347 1044
ooo
2001350 1045
ooo
2001351 1046
ooo
2001352 1047
ooo
2001355 1048
ooo
2001356 1049
ooo
2001357 1050
ooo
2001366 1051
ooo
2001372 1052
ooo
2001373 1053
ooo
2001374 1054
ooo
2001374 1055
ooo
2001378 1056
ooo
2001379 1057
ooo
2001389 1058
ooo
2001396 1059
ooo
2001398 1060
ooo
2001399 1061
ooo
2001404 1062
ooo
2001405 1063
ooo
2001406 1064
ooo
2001407 1065
ooo
2001408 1066
ooo
2001411 1067
ooo
2001413 1068
ooo
2001425 1069
ooo
2001430 1070
ooo
2001431 1071
ooo
2001433 1072
ooo
2001436 1073
ooo
2001439 1074
ooo
2001441 1075
ooo
2001442 1076
ooo
2001446 1077
ooo
2001451 1078
ooo
2001454 1079
ooo
2001458 1080
ooo
2001464 1081
ooo
2001468 1082
ooo
2001471 1083
ooo
2001473 1084
ooo
2001488 1085
ooo
2001489 1086
ooo
2001491 1087
ooo
2001492 1088
ooo
2001494 1089
ooo
2001496 1090
ooo
2001497 1091
ooo
2001507 1092
ooo
2001514 1093
ooo
2001520 1094
ooo
2001523 1095
ooo
2001526 1096
ooo
2001531 1097
ooo
2001531 1098
ooo
2001535 1099
ooo
2001547 1100
ooo
2001552 1101
ooo
2001557 1102
ooo
2001557 1103
ooo
2001561 1104
ooo
2001564 1105
ooo
2001564 1106
ooo
2001569 1107
ooo
2001569 1108
ooo
2001588 1109
ooo
2001592 1110
ooo
2001596 1111
ooo
2001596 1112
ooo
2001596 1113
ooo
2001597 1114
ooo
2001599 1115
ooo
2001601 1116
ooo
2001602 1117
ooo
2001603 1118
ooo
2001605 1119
ooo
2001610 1120
ooo
2001610 1121
ooo
2001611 1122
ooo
2001611 1123
ooo
2001612 1124
ooo
2001614 1125
ooo
2001614 1126
ooo
2001615 1127
ooo
2001617 1128
ooo
2001618 1129
ooo
2001621 1130
ooo
2001637 1131
ooo
2001643 1132
ooo
2001645 1133
ooo
2001648 1134
ooo
2001650 1135
ooo
2001663 1136
ooo
2001665 1137
ooo
2001667 1138
ooo
2001669 1139
ooo
2001671 1140
ooo
2001691 1141
ooo
2001694 1142
ooo
2001696 1143
ooo
2001698 1144
ooo
2001745 1145
ooo
2001750 1146
ooo
2001751 1147
ooo
2001753 1148
ooo
2001766 1149
ooo
2001774 1150
ooo
2001791 1151
ooo
2001797 1152
ooo
2001831 1153
ooo
2001835 1154
ooo
2001838 1155
ooo
2001841 1156
ooo
2001845 1157
ooo
2001849 1158
ooo
2001869 1159
ooo
2001871 1160
ooo
2001878 1161
ooo
2001883 1162
ooo
2001886 1163
ooo
2001890 1164
ooo
2001904 1165
ooo
2001906 1166
ooo
2001910 1167
ooo
2001914 1168
ooo
2001915 1169
ooo
2001915 1170
ooo
2001919 1171
ooo
2001945 1172
ooo
2001950 1173
ooo
2001983 1174
ooo
2001987 1175
ooo
2001997 1176
ooo
2002002 1177
ooo
2002039 1178
ooo
2002044 1179
ooo
2002052 1180
ooo
2002057 1181
ooo
2002074 1182
ooo
2002075 1183
ooo
2002077 1184
ooo
2002078 1185
ooo
2002080 1186
ooo
2002081 1187
ooo
2002083 1188
ooo
2002084 1189
ooo
2002084 1190
ooo
2002085 1191
ooo
2002090 1192
ooo
2002090 1193
ooo
2002091 1194
ooo
2002099 1195
ooo
2002100 1196
ooo
2002101 1197
ooo
2002103 1198
ooo
2002110 1199
ooo
2002110 1200
ooo
2002111 1201
ooo
2002111 1202
ooo
2002112 1203
ooo
2002113 1204
ooo
2002113 1205
ooo
2002113 1206
ooo
2002114 1207
ooo
2002114 1208
ooo
2002116 1209
ooo
2002117 1210
ooo
2002117 1211
ooo
2002119 1212
ooo
2002120 1213
ooo
2002120 1214
ooo
2002134 1215
ooo
2002137 1216
ooo
2002141 1217
ooo
2002142 1218
ooo
2002144 1219
ooo
2002146 1220
ooo
2002148 1221
ooo
2002150 1222
ooo
2002157 1223
ooo
2002157 1224
ooo
2002160 1225
ooo
2002162 1226
ooo
2002163 1227
ooo
2002163 1228
ooo
2002164 1229
ooo
2002165 1230
ooo
2002171 1231
ooo
2002172 1232
ooo
2002174 1233
ooo
2002177 1234
ooo
2002178 1235
ooo
2002181 1236
ooo
2002186 1237
ooo
2002186 1238
ooo
2002189 1239
ooo
2002194 1240
ooo
2002201 1241
ooo
2002202 1242
ooo
2002202 1243
ooo
2002206 1244
ooo
2002207 1245
ooo
2002208 1246
ooo
2002210 1247
ooo
2002217 1248
ooo
2002223 1249
ooo
2002226 1250
ooo
2002229 1251
ooo
2002233 1252
ooo
2002237 1253
ooo
2002249 1254
ooo
2002255 1255
ooo
2002263 1256
ooo
2002268 1257
ooo
2002276 1258
ooo
2002281 1259
ooo
2002297 1260
ooo
2002305 1261
ooo
2002316 1262
ooo
2002319 1263
ooo
2002319 1264
ooo
2002322 1265
ooo
2002324 1266
ooo
2002325 1267
ooo
2002336 1268
ooo
2002338 1269
ooo
2002344 1270
ooo
2002349 1271
ooo
2002355 1272
ooo
2002365 1273
ooo
2002371 1274
ooo
2002539 1275
ooo
2002547 1276
ooo
2002577 1277
ooo
2002598 1278
ooo
2002604 1279
ooo
2002889 1280
ooo
2002900 1281
ooo
2002931 1282
ooo
2002938 1283
ooo
2003015 1284
ooo
2003187 1285
ooo
2003194 1286

*** Simulator is enforced to be finished, finished so far: 129/ total: 129, Time:+2104400000.0ns

------------Letflow History---------------
Number of flowlet's timeout:6723
Letflow's timeout: +1200.0ns
933.048
